<?xml version="1.0" encoding="UTF-8"?>
<robot generator="Robot 7.3.2 (Python 3.13.1 on win32)" generated="2025-12-19T10:30:27.334001" rpa="false" schemaversion="5">
<suite id="s1" name="Budget request" source="C:\Users\krissanaruks\Web_budget_oper\Budget_request.robot">
<kw name="Set Screenshot Directory" owner="SeleniumLibrary" type="SETUP">
<arg>${OUTPUT DIR}${/}screenshots</arg>
<doc>Sets the directory for captured screenshots.</doc>
<status status="PASS" start="2025-12-19T10:30:28.039811" elapsed="0.000526"/>
</kw>
<test id="s1-t1" name="Requese Budget success" line="26">
<kw name="Login And Navigate To App" type="SETUP">
<kw name="Open Browser To Login Page" owner="login_resource">
<kw name="Evaluate" owner="BuiltIn">
<msg time="2025-12-19T10:30:28.042682" level="INFO">${chrome_options} = &lt;selenium.webdriver.chrome.options.Options object at 0x000002BD11B29400&gt;</msg>
<var>${chrome_options}</var>
<arg>selenium.webdriver.ChromeOptions()</arg>
<arg>selenium</arg>
<doc>Evaluates the given expression in Python and returns the result.</doc>
<status status="PASS" start="2025-12-19T10:30:28.042341" elapsed="0.000389"/>
</kw>
<kw name="Call Method" owner="BuiltIn">
<arg>${chrome_options}</arg>
<arg>add_argument</arg>
<arg>--disable-notifications</arg>
<doc>Calls the named method of the given object with the provided arguments.</doc>
<status status="PASS" start="2025-12-19T10:30:28.042886" elapsed="0.000162"/>
</kw>
<kw name="Open Browser" owner="SeleniumLibrary">
<msg time="2025-12-19T10:30:28.043513" level="INFO">Opening browser 'Chrome' to base url 'https://neb.centerapp.io/center-web/login'.</msg>
<arg>${LOGIN_URL}</arg>
<arg>${BROWSER}</arg>
<arg>options=${chrome_options}</arg>
<doc>Opens a new browser instance to the optional ``url``.</doc>
<status status="PASS" start="2025-12-19T10:30:28.043209" elapsed="27.300950"/>
</kw>
<kw name="Maximize Browser Window" owner="SeleniumLibrary">
<doc>Maximizes current browser window.</doc>
<status status="PASS" start="2025-12-19T10:30:55.344604" elapsed="0.036498"/>
</kw>
<kw name="Wait Until Element Is Visible" owner="SeleniumLibrary">
<arg>${EMAIL_INPUT}</arg>
<arg>30s</arg>
<doc>Waits until the element ``locator`` is visible.</doc>
<status status="PASS" start="2025-12-19T10:30:55.381489" elapsed="0.405349"/>
</kw>
<status status="PASS" start="2025-12-19T10:30:28.042064" elapsed="27.744999"/>
</kw>
<kw name="Perform Login" owner="login_resource">
<kw name="Input Text" owner="SeleniumLibrary">
<msg time="2025-12-19T10:30:55.788542" level="INFO">Typing text 'oper-unit@neb.go.th' into text field 'xpath=//*[@id="root"]/div/main/div/div[2]/div/div[2]/div[1]/input'.</msg>
<arg>${EMAIL_INPUT}</arg>
<arg>${username}</arg>
<doc>Types the given ``text`` into the text field identified by ``locator``.</doc>
<status status="PASS" start="2025-12-19T10:30:55.788107" elapsed="0.268775"/>
</kw>
<kw name="Input Text" owner="SeleniumLibrary">
<msg time="2025-12-19T10:30:56.058017" level="INFO">Typing text 'P@ssw0rd' into text field 'xpath=//*[@id="root"]/div/main/div/div[2]/div/div[2]/div[1]/span/input'.</msg>
<arg>${PASSWORD_INPUT}</arg>
<arg>${password}</arg>
<doc>Types the given ``text`` into the text field identified by ``locator``.</doc>
<status status="PASS" start="2025-12-19T10:30:56.057334" elapsed="0.161552"/>
</kw>
<kw name="Click Element" owner="SeleniumLibrary">
<msg time="2025-12-19T10:30:56.219961" level="INFO">Clicking element 'xpath=//*[@id="root"]/div/main/div/div[2]/div/div[2]/div[3]/button'.</msg>
<arg>${LOGIN_BUTTON}</arg>
<doc>Click the element identified by ``locator``.</doc>
<status status="PASS" start="2025-12-19T10:30:56.219375" elapsed="0.140045"/>
</kw>
<arg>${OPER_EMAIL}</arg>
<arg>${VALID_PASSWORD}</arg>
<status status="PASS" start="2025-12-19T10:30:55.787438" elapsed="0.572372"/>
</kw>
<kw name="Wait Until Location Is" owner="SeleniumLibrary">
<arg>${Main_URL}</arg>
<arg>30s</arg>
<doc>Waits until the current URL is ``expected``.</doc>
<status status="PASS" start="2025-12-19T10:30:56.360219" elapsed="2.320118"/>
</kw>
<kw name="Wait Until Element Is Visible" owner="SeleniumLibrary">
<arg>xpath=//li[contains(., 'แอปพลิเคชันของฉัน')]</arg>
<arg>30s</arg>
<doc>Waits until the element ``locator`` is visible.</doc>
<status status="PASS" start="2025-12-19T10:30:58.680636" elapsed="0.028649"/>
</kw>
<kw name="Click Element" owner="SeleniumLibrary">
<msg time="2025-12-19T10:30:58.709879" level="INFO">Clicking element 'xpath=//li[contains(., 'แอปพลิเคชันของฉัน')]'.</msg>
<arg>xpath=//li[contains(., 'แอปพลิเคชันของฉัน')]</arg>
<doc>Click the element identified by ``locator``.</doc>
<status status="PASS" start="2025-12-19T10:30:58.709567" elapsed="0.262338"/>
</kw>
<kw name="Set Variable" owner="BuiltIn">
<msg time="2025-12-19T10:30:58.972598" level="INFO">${c2web_locator} = xpath=//*[contains(text(), 'C2-WEB')]</msg>
<var>${c2web_locator}</var>
<arg>xpath=//*[contains(text(), 'C2-WEB')]</arg>
<doc>Returns the given values which can then be assigned to a variables.</doc>
<status status="PASS" start="2025-12-19T10:30:58.972245" elapsed="0.000416"/>
</kw>
<kw name="Wait Until Element Is Visible" owner="SeleniumLibrary">
<arg>${c2web_locator}</arg>
<arg>30s</arg>
<doc>Waits until the element ``locator`` is visible.</doc>
<status status="PASS" start="2025-12-19T10:30:58.972872" elapsed="0.402501"/>
</kw>
<kw name="Click Element" owner="SeleniumLibrary">
<msg time="2025-12-19T10:30:59.376087" level="INFO">Clicking element 'xpath=//*[contains(text(), 'C2-WEB')]'.</msg>
<arg>${c2web_locator}</arg>
<doc>Click the element identified by ``locator``.</doc>
<status status="PASS" start="2025-12-19T10:30:59.375688" elapsed="0.140527"/>
</kw>
<kw name="Wait Until Element Is Not Visible" owner="SeleniumLibrary">
<arg>${c2web_locator}</arg>
<arg>30s</arg>
<doc>Waits until the element ``locator`` is not visible.</doc>
<status status="PASS" start="2025-12-19T10:30:59.516617" elapsed="0.017215"/>
</kw>
<kw name="Wait Until Element Is Visible" owner="SeleniumLibrary">
<arg>id=iframemicroapp</arg>
<arg>30s</arg>
<doc>Waits until the element ``locator`` is visible.</doc>
<status status="PASS" start="2025-12-19T10:30:59.534192" elapsed="3.835062"/>
</kw>
<kw name="Select Frame" owner="SeleniumLibrary">
<msg time="2025-12-19T10:31:03.369689" level="INFO">Selecting frame 'id=iframemicroapp'.</msg>
<arg>id=iframemicroapp</arg>
<doc>Sets frame identified by ``locator`` as the current frame.</doc>
<status status="PASS" start="2025-12-19T10:31:03.369465" elapsed="0.028042"/>
</kw>
<kw name="Sleep" owner="BuiltIn">
<msg time="2025-12-19T10:31:08.399029" level="INFO">Slept 5 seconds.</msg>
<arg>5s</arg>
<doc>Pauses the test executed for the given time.</doc>
<status status="PASS" start="2025-12-19T10:31:03.397804" elapsed="5.001359"/>
</kw>
<kw name="Wait Until Element Is Visible" owner="SeleniumLibrary">
<arg>xpath=//span[normalize-space()='หน่วยปฏิบัติ']</arg>
<arg>30s</arg>
<doc>Waits until the element ``locator`` is visible.</doc>
<status status="PASS" start="2025-12-19T10:31:08.399355" elapsed="0.018243"/>
</kw>
<status status="PASS" start="2025-12-19T10:30:28.041688" elapsed="40.376020"/>
</kw>
<kw name="Go TO Budget request">
<kw name="Click Element" owner="SeleniumLibrary">
<msg time="2025-12-19T10:31:08.418889" level="INFO">Clicking element 'xpath=//span[normalize-space()='หน่วยปฏิบัติ']'.</msg>
<arg>xpath=//span[normalize-space()='หน่วยปฏิบัติ']</arg>
<doc>Click the element identified by ``locator``.</doc>
<status status="PASS" start="2025-12-19T10:31:08.418618" elapsed="0.074326"/>
</kw>
<kw name="Wait Until Keyword Succeeds" owner="BuiltIn">
<kw name="Wait Until Element Is Visible" owner="SeleniumLibrary">
<arg>xpath=//div[contains(text(), 'จัดทำคำของบประมาณ (2.3)')]</arg>
<arg>30s</arg>
<doc>Waits until the element ``locator`` is visible.</doc>
<status status="PASS" start="2025-12-19T10:31:08.493420" elapsed="0.012987"/>
</kw>
<arg>5x</arg>
<arg>1s</arg>
<arg>Wait Until Element Is Visible</arg>
<arg>xpath=//div[contains(text(), 'จัดทำคำของบประมาณ (2.3)')]</arg>
<arg>30s</arg>
<doc>Runs the specified keyword and retries if it fails.</doc>
<status status="PASS" start="2025-12-19T10:31:08.493144" elapsed="0.013737"/>
</kw>
<kw name="Click Element" owner="SeleniumLibrary">
<msg time="2025-12-19T10:31:08.507256" level="INFO">Clicking element 'xpath=//div[contains(text(), 'จัดทำคำของบประมาณ (2.3)')]'.</msg>
<arg>xpath=//div[contains(text(), 'จัดทำคำของบประมาณ (2.3)')]</arg>
<doc>Click the element identified by ``locator``.</doc>
<status status="PASS" start="2025-12-19T10:31:08.507057" elapsed="0.063505"/>
</kw>
<kw name="Wait Until Element Is Visible" owner="SeleniumLibrary">
<arg>xpath=//div[contains(text(), 'รายการงบประมาณ')]</arg>
<arg>30s</arg>
<doc>Waits until the element ``locator`` is visible.</doc>
<status status="PASS" start="2025-12-19T10:31:08.570767" elapsed="0.014531"/>
</kw>
<kw name="Click Element" owner="SeleniumLibrary">
<msg time="2025-12-19T10:31:08.585702" level="INFO">Clicking element 'xpath=//div[contains(text(), 'รายการงบประมาณ')]'.</msg>
<arg>xpath=//div[contains(text(), 'รายการงบประมาณ')]</arg>
<doc>Click the element identified by ``locator``.</doc>
<status status="PASS" start="2025-12-19T10:31:08.585494" elapsed="0.167188"/>
</kw>
<kw name="Sleep" owner="BuiltIn">
<msg time="2025-12-19T10:31:18.753613" level="INFO">Slept 10 seconds.</msg>
<arg>10s</arg>
<doc>Pauses the test executed for the given time.</doc>
<status status="PASS" start="2025-12-19T10:31:08.752928" elapsed="10.000963"/>
</kw>
<kw name="Wait Until Element Is Visible" owner="SeleniumLibrary">
<arg>xpath=//button[contains(normalize-space(), 'เพิ่มรายการ')]</arg>
<arg>30s</arg>
<doc>Waits until the element ``locator`` is visible.</doc>
<status status="PASS" start="2025-12-19T10:31:18.754369" elapsed="0.025990"/>
</kw>
<status status="PASS" start="2025-12-19T10:31:08.418198" elapsed="10.362490"/>
</kw>
<kw name="Click Element" owner="SeleniumLibrary">
<msg time="2025-12-19T10:31:18.781417" level="INFO">Clicking element 'xpath=//button[contains(normalize-space(), 'เพิ่มรายการ')]'.</msg>
<arg>xpath=//button[contains(normalize-space(), 'เพิ่มรายการ')]</arg>
<doc>Click the element identified by ``locator``.</doc>
<status status="PASS" start="2025-12-19T10:31:18.781171" elapsed="0.145763"/>
</kw>
<kw name="Wait Until Element Is Visible" owner="SeleniumLibrary">
<arg>xpath=//div[contains(text(), 'รายละเอียดรายการ')]</arg>
<arg>30s</arg>
<doc>Waits until the element ``locator`` is visible.</doc>
<status status="PASS" start="2025-12-19T10:31:18.927403" elapsed="0.029824"/>
</kw>
<kw name="Element Should Contain" owner="SeleniumLibrary">
<msg time="2025-12-19T10:31:18.981718" level="INFO">Element 'xpath=//div[contains(text(), 'รายละเอียดรายการ')]' contains text 'รายละเอียดรายการ'.</msg>
<arg>xpath=//div[contains(text(), 'รายละเอียดรายการ')]</arg>
<arg>รายละเอียดรายการ</arg>
<doc>Verifies that element ``locator`` contains text ``expected``.</doc>
<status status="PASS" start="2025-12-19T10:31:18.957672" elapsed="0.024165"/>
</kw>
<kw name="Click Element" owner="SeleniumLibrary">
<msg time="2025-12-19T10:31:18.982602" level="INFO">Clicking element 'id=mat-radio-2'.</msg>
<arg>id=mat-radio-2</arg>
<doc>Click the element identified by ``locator``.</doc>
<status status="PASS" start="2025-12-19T10:31:18.982344" elapsed="0.100390"/>
</kw>
<kw name="Select Option Dialog">
<kw name="Set Variable" owner="BuiltIn">
<msg time="2025-12-19T10:31:19.084248" level="INFO">${dropdown_xpath} = xpath=//label[contains(., 'แผนงานตามยุทธศาสตร์การจัดสรร')]/following::mat-select[1]//div[contains(@class, 'mat-mdc-select-trigger')]</msg>
<var>${dropdown_xpath}</var>
<arg>xpath=//label[contains(., '${LABEL_NAME}')]/following::mat-select[${INDEX}]//div[contains(@class, 'mat-mdc-select-trigger')]</arg>
<doc>Returns the given values which can then be assigned to a variables.</doc>
<status status="PASS" start="2025-12-19T10:31:19.083848" elapsed="0.000462"/>
</kw>
<kw name="Wait Until Element Is Visible" owner="SeleniumLibrary">
<arg>${dropdown_xpath}</arg>
<arg>30s</arg>
<doc>Waits until the element ``locator`` is visible.</doc>
<status status="PASS" start="2025-12-19T10:31:19.084520" elapsed="0.018781"/>
</kw>
<kw name="Click Element" owner="SeleniumLibrary">
<msg time="2025-12-19T10:31:19.104026" level="INFO">Clicking element 'xpath=//label[contains(., 'แผนงานตามยุทธศาสตร์การจัดสรร')]/following::mat-select[1]//div[contains(@class, 'mat-mdc-select-trigger')]'.</msg>
<arg>${dropdown_xpath}</arg>
<doc>Click the element identified by ``locator``.</doc>
<status status="PASS" start="2025-12-19T10:31:19.103619" elapsed="0.128133"/>
</kw>
<kw name="Wait Until Element Is Visible" owner="SeleniumLibrary">
<arg>xpath=//mat-option//span[contains(normalize-space(), '${OPTION_TEXT}')]</arg>
<arg>10s</arg>
<doc>Waits until the element ``locator`` is visible.</doc>
<status status="PASS" start="2025-12-19T10:31:19.232042" elapsed="0.021252"/>
</kw>
<kw name="Click Element" owner="SeleniumLibrary">
<msg time="2025-12-19T10:31:19.253852" level="INFO">Clicking element 'xpath=//mat-option//span[contains(normalize-space(), '6400 : แผนงานบูรณาการต่อต้านการทุจริตและประพฤติมิชอบ')]'.</msg>
<arg>xpath=//mat-option//span[contains(normalize-space(), '${OPTION_TEXT}')]</arg>
<doc>Click the element identified by ``locator``.</doc>
<status status="PASS" start="2025-12-19T10:31:19.253531" elapsed="0.131129"/>
</kw>
<kw name="Sleep" owner="BuiltIn">
<msg time="2025-12-19T10:31:20.386105" level="INFO">Slept 1 second.</msg>
<arg>1s</arg>
<doc>Pauses the test executed for the given time.</doc>
<status status="PASS" start="2025-12-19T10:31:19.385121" elapsed="1.001335"/>
</kw>
<arg>แผนงานตามยุทธศาสตร์การจัดสรร</arg>
<arg>6400 : แผนงานบูรณาการต่อต้านการทุจริตและประพฤติมิชอบ</arg>
<doc>เลือก Dropdown</doc>
<status status="PASS" start="2025-12-19T10:31:19.083224" elapsed="1.303545"/>
</kw>
<kw name="Select Option Dialog">
<kw name="Set Variable" owner="BuiltIn">
<msg time="2025-12-19T10:31:20.391091" level="INFO">${dropdown_xpath} = xpath=//label[contains(., 'ผลผลิต/โครงการ')]/following::mat-select[1]//div[contains(@class, 'mat-mdc-select-trigger')]</msg>
<var>${dropdown_xpath}</var>
<arg>xpath=//label[contains(., '${LABEL_NAME}')]/following::mat-select[${INDEX}]//div[contains(@class, 'mat-mdc-select-trigger')]</arg>
<doc>Returns the given values which can then be assigned to a variables.</doc>
<status status="PASS" start="2025-12-19T10:31:20.390002" elapsed="0.001267"/>
</kw>
<kw name="Wait Until Element Is Visible" owner="SeleniumLibrary">
<arg>${dropdown_xpath}</arg>
<arg>30s</arg>
<doc>Waits until the element ``locator`` is visible.</doc>
<status status="PASS" start="2025-12-19T10:31:20.391834" elapsed="0.022155"/>
</kw>
<kw name="Click Element" owner="SeleniumLibrary">
<msg time="2025-12-19T10:31:20.414405" level="INFO">Clicking element 'xpath=//label[contains(., 'ผลผลิต/โครงการ')]/following::mat-select[1]//div[contains(@class, 'mat-mdc-select-trigger')]'.</msg>
<arg>${dropdown_xpath}</arg>
<doc>Click the element identified by ``locator``.</doc>
<status status="PASS" start="2025-12-19T10:31:20.414173" elapsed="0.072425"/>
</kw>
<kw name="Wait Until Element Is Visible" owner="SeleniumLibrary">
<arg>xpath=//mat-option//span[contains(normalize-space(), '${OPTION_TEXT}')]</arg>
<arg>10s</arg>
<doc>Waits until the element ``locator`` is visible.</doc>
<status status="PASS" start="2025-12-19T10:31:20.486931" elapsed="0.024725"/>
</kw>
<kw name="Click Element" owner="SeleniumLibrary">
<msg time="2025-12-19T10:31:20.512132" level="INFO">Clicking element 'xpath=//mat-option//span[contains(normalize-space(), '68000005 : ผลลิตทดสอบแผนงาน 1')]'.</msg>
<arg>xpath=//mat-option//span[contains(normalize-space(), '${OPTION_TEXT}')]</arg>
<doc>Click the element identified by ``locator``.</doc>
<status status="PASS" start="2025-12-19T10:31:20.511853" elapsed="0.083948"/>
</kw>
<kw name="Sleep" owner="BuiltIn">
<msg time="2025-12-19T10:31:21.597347" level="INFO">Slept 1 second.</msg>
<arg>1s</arg>
<doc>Pauses the test executed for the given time.</doc>
<status status="PASS" start="2025-12-19T10:31:20.596313" elapsed="1.001206"/>
</kw>
<arg>ผลผลิต/โครงการ</arg>
<arg>68000005 : ผลลิตทดสอบแผนงาน 1</arg>
<doc>เลือก Dropdown</doc>
<status status="PASS" start="2025-12-19T10:31:20.388380" elapsed="1.209334"/>
</kw>
<kw name="Select Option Dialog">
<kw name="Set Variable" owner="BuiltIn">
<msg time="2025-12-19T10:31:21.598559" level="INFO">${dropdown_xpath} = xpath=//label[contains(., 'กิจกรรม')]/following::mat-select[1]//div[contains(@class, 'mat-mdc-select-trigger')]</msg>
<var>${dropdown_xpath}</var>
<arg>xpath=//label[contains(., '${LABEL_NAME}')]/following::mat-select[${INDEX}]//div[contains(@class, 'mat-mdc-select-trigger')]</arg>
<doc>Returns the given values which can then be assigned to a variables.</doc>
<status status="PASS" start="2025-12-19T10:31:21.598387" elapsed="0.000196"/>
</kw>
<kw name="Wait Until Element Is Visible" owner="SeleniumLibrary">
<arg>${dropdown_xpath}</arg>
<arg>30s</arg>
<doc>Waits until the element ``locator`` is visible.</doc>
<status status="PASS" start="2025-12-19T10:31:21.598692" elapsed="0.014643"/>
</kw>
<kw name="Click Element" owner="SeleniumLibrary">
<msg time="2025-12-19T10:31:21.613756" level="INFO">Clicking element 'xpath=//label[contains(., 'กิจกรรม')]/following::mat-select[1]//div[contains(@class, 'mat-mdc-select-trigger')]'.</msg>
<arg>${dropdown_xpath}</arg>
<doc>Click the element identified by ``locator``.</doc>
<status status="PASS" start="2025-12-19T10:31:21.613525" elapsed="0.116416"/>
</kw>
<kw name="Wait Until Element Is Visible" owner="SeleniumLibrary">
<arg>xpath=//mat-option//span[contains(normalize-space(), '${OPTION_TEXT}')]</arg>
<arg>10s</arg>
<doc>Waits until the element ``locator`` is visible.</doc>
<status status="PASS" start="2025-12-19T10:31:21.730138" elapsed="0.015426"/>
</kw>
<kw name="Click Element" owner="SeleniumLibrary">
<msg time="2025-12-19T10:31:21.746695" level="INFO">Clicking element 'xpath=//mat-option//span[contains(normalize-space(), '68000044 : กิจกรรมผลลิตทดสอบแผนงาน 1')]'.</msg>
<arg>xpath=//mat-option//span[contains(normalize-space(), '${OPTION_TEXT}')]</arg>
<doc>Click the element identified by ``locator``.</doc>
<status status="PASS" start="2025-12-19T10:31:21.746072" elapsed="0.095502"/>
</kw>
<kw name="Sleep" owner="BuiltIn">
<msg time="2025-12-19T10:31:22.842759" level="INFO">Slept 1 second.</msg>
<arg>1s</arg>
<doc>Pauses the test executed for the given time.</doc>
<status status="PASS" start="2025-12-19T10:31:21.841826" elapsed="1.001182"/>
</kw>
<arg>กิจกรรม</arg>
<arg>68000044 : กิจกรรมผลลิตทดสอบแผนงาน 1</arg>
<doc>เลือก Dropdown</doc>
<status status="PASS" start="2025-12-19T10:31:21.598106" elapsed="1.245095"/>
</kw>
<kw name="Select Option Dialog">
<kw name="Set Variable" owner="BuiltIn">
<msg time="2025-12-19T10:31:22.845637" level="INFO">${dropdown_xpath} = xpath=//label[contains(., 'ประเภทงบรายจ่าย')]/following::mat-select[1]//div[contains(@class, 'mat-mdc-select-trigger')]</msg>
<var>${dropdown_xpath}</var>
<arg>xpath=//label[contains(., '${LABEL_NAME}')]/following::mat-select[${INDEX}]//div[contains(@class, 'mat-mdc-select-trigger')]</arg>
<doc>Returns the given values which can then be assigned to a variables.</doc>
<status status="PASS" start="2025-12-19T10:31:22.845183" elapsed="0.000537"/>
</kw>
<kw name="Wait Until Element Is Visible" owner="SeleniumLibrary">
<arg>${dropdown_xpath}</arg>
<arg>30s</arg>
<doc>Waits until the element ``locator`` is visible.</doc>
<status status="PASS" start="2025-12-19T10:31:22.845857" elapsed="0.017445"/>
</kw>
<kw name="Click Element" owner="SeleniumLibrary">
<msg time="2025-12-19T10:31:22.863702" level="INFO">Clicking element 'xpath=//label[contains(., 'ประเภทงบรายจ่าย')]/following::mat-select[1]//div[contains(@class, 'mat-mdc-select-trigger')]'.</msg>
<arg>${dropdown_xpath}</arg>
<doc>Click the element identified by ``locator``.</doc>
<status status="PASS" start="2025-12-19T10:31:22.863483" elapsed="0.080559"/>
</kw>
<kw name="Wait Until Element Is Visible" owner="SeleniumLibrary">
<arg>xpath=//mat-option//span[contains(normalize-space(), '${OPTION_TEXT}')]</arg>
<arg>10s</arg>
<doc>Waits until the element ``locator`` is visible.</doc>
<status status="PASS" start="2025-12-19T10:31:22.944228" elapsed="0.014578"/>
</kw>
<kw name="Click Element" owner="SeleniumLibrary">
<msg time="2025-12-19T10:31:22.959314" level="INFO">Clicking element 'xpath=//mat-option//span[contains(normalize-space(), '03 : งบลงทุน')]'.</msg>
<arg>xpath=//mat-option//span[contains(normalize-space(), '${OPTION_TEXT}')]</arg>
<doc>Click the element identified by ``locator``.</doc>
<status status="PASS" start="2025-12-19T10:31:22.959021" elapsed="0.135289"/>
</kw>
<kw name="Sleep" owner="BuiltIn">
<msg time="2025-12-19T10:31:24.094851" level="INFO">Slept 1 second.</msg>
<arg>1s</arg>
<doc>Pauses the test executed for the given time.</doc>
<status status="PASS" start="2025-12-19T10:31:23.094495" elapsed="1.000474"/>
</kw>
<arg>ประเภทงบรายจ่าย</arg>
<arg>03 : งบลงทุน</arg>
<doc>เลือก Dropdown</doc>
<status status="PASS" start="2025-12-19T10:31:22.844398" elapsed="1.250664"/>
</kw>
<kw name="Select Option Dialog">
<kw name="Set Variable" owner="BuiltIn">
<msg time="2025-12-19T10:31:24.095832" level="INFO">${dropdown_xpath} = xpath=//label[contains(., 'หมวดรายจ่ายย่อ')]/following::mat-select[1]//div[contains(@class, 'mat-mdc-select-trigger')]</msg>
<var>${dropdown_xpath}</var>
<arg>xpath=//label[contains(., '${LABEL_NAME}')]/following::mat-select[${INDEX}]//div[contains(@class, 'mat-mdc-select-trigger')]</arg>
<doc>Returns the given values which can then be assigned to a variables.</doc>
<status status="PASS" start="2025-12-19T10:31:24.095673" elapsed="0.000182"/>
</kw>
<kw name="Wait Until Element Is Visible" owner="SeleniumLibrary">
<arg>${dropdown_xpath}</arg>
<arg>30s</arg>
<doc>Waits until the element ``locator`` is visible.</doc>
<status status="PASS" start="2025-12-19T10:31:24.095943" elapsed="0.016691"/>
</kw>
<kw name="Click Element" owner="SeleniumLibrary">
<msg time="2025-12-19T10:31:24.113026" level="INFO">Clicking element 'xpath=//label[contains(., 'หมวดรายจ่ายย่อ')]/following::mat-select[1]//div[contains(@class, 'mat-mdc-select-trigger')]'.</msg>
<arg>${dropdown_xpath}</arg>
<doc>Click the element identified by ``locator``.</doc>
<status status="PASS" start="2025-12-19T10:31:24.112808" elapsed="0.062779"/>
</kw>
<kw name="Wait Until Element Is Visible" owner="SeleniumLibrary">
<arg>xpath=//mat-option//span[contains(normalize-space(), '${OPTION_TEXT}')]</arg>
<arg>10s</arg>
<doc>Waits until the element ``locator`` is visible.</doc>
<status status="PASS" start="2025-12-19T10:31:24.175998" elapsed="0.016159"/>
</kw>
<kw name="Click Element" owner="SeleniumLibrary">
<msg time="2025-12-19T10:31:24.192714" level="INFO">Clicking element 'xpath=//mat-option//span[contains(normalize-space(), '600 : ค่าครุภัณฑ์')]'.</msg>
<arg>xpath=//mat-option//span[contains(normalize-space(), '${OPTION_TEXT}')]</arg>
<doc>Click the element identified by ``locator``.</doc>
<status status="PASS" start="2025-12-19T10:31:24.192437" elapsed="0.125708"/>
</kw>
<kw name="Sleep" owner="BuiltIn">
<msg time="2025-12-19T10:31:25.318927" level="INFO">Slept 1 second.</msg>
<arg>1s</arg>
<doc>Pauses the test executed for the given time.</doc>
<status status="PASS" start="2025-12-19T10:31:24.318326" elapsed="1.000855"/>
</kw>
<arg>หมวดรายจ่ายย่อ</arg>
<arg>600 : ค่าครุภัณฑ์</arg>
<doc>เลือก Dropdown</doc>
<status status="PASS" start="2025-12-19T10:31:24.095392" elapsed="1.224005"/>
</kw>
<kw name="Sleep" owner="BuiltIn">
<msg time="2025-12-19T10:31:28.320695" level="INFO">Slept 3 seconds.</msg>
<arg>3s</arg>
<doc>Pauses the test executed for the given time.</doc>
<status status="PASS" start="2025-12-19T10:31:25.320038" elapsed="3.000825"/>
</kw>
<kw name="Click Element" owner="SeleniumLibrary">
<msg time="2025-12-19T10:31:28.321405" level="INFO">Clicking element 'xpath=//*[@id="register-list"]/div/div[2]/div[1]'.</msg>
<arg>xpath=//*[@id="register-list"]/div/div[2]/div[1]</arg>
<doc>Click the element identified by ``locator``.</doc>
<status status="PASS" start="2025-12-19T10:31:28.321186" elapsed="0.109843"/>
</kw>
<kw name="Wait Until Element Is Visible" owner="SeleniumLibrary">
<arg>xpath=//button[contains(normalize-space(), 'ค้นหา')]</arg>
<arg>30s</arg>
<doc>Waits until the element ``locator`` is visible.</doc>
<status status="PASS" start="2025-12-19T10:31:28.431483" elapsed="0.015258"/>
</kw>
<kw name="Click Element" owner="SeleniumLibrary">
<msg time="2025-12-19T10:31:28.447340" level="INFO">Clicking element 'xpath=//button[contains(normalize-space(), 'ค้นหา')]'.</msg>
<arg>xpath=//button[contains(normalize-space(), 'ค้นหา')]</arg>
<doc>Click the element identified by ``locator``.</doc>
<status status="PASS" start="2025-12-19T10:31:28.447063" elapsed="0.354752"/>
</kw>
<kw name="Sleep" owner="BuiltIn">
<msg time="2025-12-19T10:31:33.802772" level="INFO">Slept 5 seconds.</msg>
<arg>5s</arg>
<doc>Pauses the test executed for the given time.</doc>
<status status="PASS" start="2025-12-19T10:31:28.802205" elapsed="5.000756"/>
</kw>
<kw name="Wait Until Page Contains Element" owner="SeleniumLibrary">
<arg>xpath=//mat-dialog-container//input[@type='radio']</arg>
<arg>30s</arg>
<doc>Waits until the element ``locator`` appears on the current page.</doc>
<status status="PASS" start="2025-12-19T10:31:33.803705" elapsed="0.012687"/>
</kw>
<kw name="Get WebElement" owner="SeleniumLibrary">
<msg time="2025-12-19T10:31:33.822089" level="INFO">${radio_input} = &lt;selenium.webdriver.remote.webelement.WebElement (session="5b2b1de7daeb1503a0cc4ea6dc660b35", element="f.A1A0CF07C9FE251D48AC9B436432A897.d.33635593F860A4F1448AF38AAC360B5D.e.182")&gt;</msg>
<var>${radio_input}</var>
<arg>xpath=//mat-dialog-container//input[@type='radio']</arg>
<doc>Returns the first WebElement matching the given ``locator``.</doc>
<status status="PASS" start="2025-12-19T10:31:33.816781" elapsed="0.005347"/>
</kw>
<kw name="Execute Javascript" owner="SeleniumLibrary">
<msg time="2025-12-19T10:31:33.822782" level="INFO">Executing JavaScript:
arguments[0].click();
By using argument:
'&lt;selenium.webdriver.remote.webelement.WebElement (session="5b2b1de7daeb1503a0cc4ea6dc660b35", element="f.A1A0CF07C9FE251D48AC9B436432A897.d.33635593F860A4F1448AF38AAC360B5D.e.182")&gt;'</msg>
<arg>arguments[0].click();</arg>
<arg>ARGUMENTS</arg>
<arg>${radio_input}</arg>
<doc>Executes the given JavaScript code with possible arguments.</doc>
<status status="PASS" start="2025-12-19T10:31:33.822407" elapsed="0.005256"/>
</kw>
<kw name="Sleep" owner="BuiltIn">
<msg time="2025-12-19T10:31:38.828740" level="INFO">Slept 5 seconds.</msg>
<arg>5s</arg>
<doc>Pauses the test executed for the given time.</doc>
<status status="PASS" start="2025-12-19T10:31:33.827864" elapsed="5.001193"/>
</kw>
<kw name="Wait Until Page Contains Element" owner="SeleniumLibrary">
<arg>xpath=//mat-dialog-container//button[contains(normalize-space(), 'บันทึก')]</arg>
<arg>30s</arg>
<doc>Waits until the element ``locator`` appears on the current page.</doc>
<status status="PASS" start="2025-12-19T10:31:38.829792" elapsed="0.013722"/>
</kw>
<kw name="Get WebElement" owner="SeleniumLibrary">
<msg time="2025-12-19T10:31:38.850039" level="INFO">${save_btn_in_popup} = &lt;selenium.webdriver.remote.webelement.WebElement (session="5b2b1de7daeb1503a0cc4ea6dc660b35", element="f.A1A0CF07C9FE251D48AC9B436432A897.d.33635593F860A4F1448AF38AAC360B5D.e.183")&gt;</msg>
<var>${save_btn_in_popup}</var>
<arg>xpath=//mat-dialog-container//button[contains(normalize-space(), 'บันทึก')]</arg>
<doc>Returns the first WebElement matching the given ``locator``.</doc>
<status status="PASS" start="2025-12-19T10:31:38.843908" elapsed="0.006171"/>
</kw>
<kw name="Execute Javascript" owner="SeleniumLibrary">
<msg time="2025-12-19T10:31:38.851436" level="INFO">Executing JavaScript:
arguments[0].click();
By using argument:
'&lt;selenium.webdriver.remote.webelement.WebElement (session="5b2b1de7daeb1503a0cc4ea6dc660b35", element="f.A1A0CF07C9FE251D48AC9B436432A897.d.33635593F860A4F1448AF38AAC360B5D.e.183")&gt;'</msg>
<arg>arguments[0].click();</arg>
<arg>ARGUMENTS</arg>
<arg>${save_btn_in_popup}</arg>
<doc>Executes the given JavaScript code with possible arguments.</doc>
<status status="PASS" start="2025-12-19T10:31:38.850901" elapsed="0.004681"/>
</kw>
<kw name="Wait Until Element Is Not Visible" owner="SeleniumLibrary">
<arg>xpath=//mat-dialog-container</arg>
<arg>10s</arg>
<doc>Waits until the element ``locator`` is not visible.</doc>
<status status="PASS" start="2025-12-19T10:31:38.855807" elapsed="0.223633"/>
</kw>
<kw name="Wait Until Element Is Visible" owner="SeleniumLibrary">
<arg>xpath=//button[contains(normalize-space(), 'เพิ่มข้อมูล')]</arg>
<arg>30s</arg>
<doc>Waits until the element ``locator`` is visible.</doc>
<status status="PASS" start="2025-12-19T10:31:39.080094" elapsed="0.018632"/>
</kw>
<kw name="Click Element" owner="SeleniumLibrary">
<msg time="2025-12-19T10:31:39.099740" level="INFO">Clicking element 'xpath=//button[contains(normalize-space(), 'เพิ่มข้อมูล')]'.</msg>
<arg>xpath=//button[contains(normalize-space(), 'เพิ่มข้อมูล')]</arg>
<doc>Click the element identified by ``locator``.</doc>
<status status="PASS" start="2025-12-19T10:31:39.099189" elapsed="0.312302"/>
</kw>
<kw name="Wait Until Element Is Visible" owner="SeleniumLibrary">
<arg>xpath=//button[contains(normalize-space(), 'เพิ่มประเภทเงิน')]</arg>
<arg>30s</arg>
<doc>Waits until the element ``locator`` is visible.</doc>
<status status="PASS" start="2025-12-19T10:31:39.411954" elapsed="0.095561"/>
</kw>
<kw name="Click Element" owner="SeleniumLibrary">
<msg time="2025-12-19T10:31:39.508403" level="INFO">Clicking element 'xpath=//button[contains(normalize-space(), 'เพิ่มประเภทเงิน')]'.</msg>
<arg>xpath=//button[contains(normalize-space(), 'เพิ่มประเภทเงิน')]</arg>
<doc>Click the element identified by ``locator``.</doc>
<status status="PASS" start="2025-12-19T10:31:39.508017" elapsed="0.162622"/>
</kw>
<kw name="Wait Until Element Is Visible" owner="SeleniumLibrary">
<arg>xpath=//div[contains(normalize-space(), 'ค่าใช้จ่ายตามสิทธิ (Entitlement)')]/preceding-sibling::div[contains(@class, 'checkbox')]</arg>
<arg>30s</arg>
<doc>Waits until the element ``locator`` is visible.</doc>
<status status="PASS" start="2025-12-19T10:31:39.671081" elapsed="0.024811"/>
</kw>
<kw name="Click Element" owner="SeleniumLibrary">
<msg time="2025-12-19T10:31:39.696909" level="INFO">Clicking element 'xpath=//div[contains(normalize-space(), 'ค่าใช้จ่ายตามสิทธิ (Entitlement)')]/preceding-sibling::div[contains(@class, 'checkbox')]'.</msg>
<arg>xpath=//div[contains(normalize-space(), 'ค่าใช้จ่ายตามสิทธิ (Entitlement)')]/preceding-sibling::div[contains(@class, 'checkbox')]</arg>
<doc>Click the element identified by ``locator``.</doc>
<status status="PASS" start="2025-12-19T10:31:39.696430" elapsed="0.166203"/>
</kw>
<kw name="Click Button" owner="SeleniumLibrary">
<msg time="2025-12-19T10:31:39.863460" level="INFO">Clicking button 'ตกลง'.</msg>
<arg>ตกลง</arg>
<doc>Clicks the button identified by ``locator``.</doc>
<status status="PASS" start="2025-12-19T10:31:39.863162" elapsed="0.146756"/>
</kw>
<kw name="Sleep" owner="BuiltIn">
<msg time="2025-12-19T10:31:45.011149" level="INFO">Slept 5 seconds.</msg>
<arg>5s</arg>
<doc>Pauses the test executed for the given time.</doc>
<status status="PASS" start="2025-12-19T10:31:40.010411" elapsed="5.000846"/>
</kw>
<kw name="Input Text" owner="SeleniumLibrary">
<msg time="2025-12-19T10:31:45.011903" level="INFO">Typing text '250' into text field 'xpath=//div[contains(@class, 'body-cell')]//input'.</msg>
<arg>xpath=//div[contains(@class, 'body-cell')]//input</arg>
<arg>250</arg>
<doc>Types the given ``text`` into the text field identified by ``locator``.</doc>
<status status="PASS" start="2025-12-19T10:31:45.011700" elapsed="0.114920"/>
</kw>
<kw name="Sleep" owner="BuiltIn">
<msg time="2025-12-19T10:31:50.127882" level="INFO">Slept 5 seconds.</msg>
<arg>5s</arg>
<doc>Pauses the test executed for the given time.</doc>
<status status="PASS" start="2025-12-19T10:31:45.127144" elapsed="5.000934"/>
</kw>
<kw name="Wait Until Element Is Visible" owner="SeleniumLibrary">
<arg>xpath=//label[contains(normalize-space(), 'คำชี้แจง')]/following::input[@placeholder='กรุณาระบุ'][1]</arg>
<arg>30s</arg>
<doc>Waits until the element ``locator`` is visible.</doc>
<status status="PASS" start="2025-12-19T10:31:50.128598" elapsed="0.018128"/>
</kw>
<kw name="Input Text" owner="SeleniumLibrary">
<msg time="2025-12-19T10:31:50.147295" level="INFO">Typing text 'Ter' into text field 'xpath=//label[contains(normalize-space(), 'คำชี้แจง')]/following::input[@placeholder='กรุณาระบุ'][1]'.</msg>
<arg>xpath=//label[contains(normalize-space(), 'คำชี้แจง')]/following::input[@placeholder='กรุณาระบุ'][1]</arg>
<arg>Ter</arg>
<doc>Types the given ``text`` into the text field identified by ``locator``.</doc>
<status status="PASS" start="2025-12-19T10:31:50.147041" elapsed="0.074393"/>
</kw>
<kw name="Click Button" owner="SeleniumLibrary">
<msg time="2025-12-19T10:31:50.221912" level="INFO">Clicking button 'เพิ่มรายละเอียดตัวคูณ'.</msg>
<arg>เพิ่มรายละเอียดตัวคูณ</arg>
<doc>Clicks the button identified by ``locator``.</doc>
<status status="PASS" start="2025-12-19T10:31:50.221714" elapsed="0.114573"/>
</kw>
<kw name="Element Should Be Visible" owner="SeleniumLibrary">
<msg time="2025-12-19T10:31:50.353776" level="INFO">Element 'xpath=//div[contains(normalize-space(), 'เพิ่มรายละเอียดตัวคูณ')]' is displayed.</msg>
<arg>xpath=//div[contains(normalize-space(), 'เพิ่มรายละเอียดตัวคูณ')]</arg>
<doc>Verifies that the element identified by ``locator`` is visible.</doc>
<status status="PASS" start="2025-12-19T10:31:50.336657" elapsed="0.017385"/>
</kw>
<kw name="Wait Until Page Contains Element" owner="SeleniumLibrary">
<arg>xpath=//label[contains(normalize-space(), 'เลือกรายการจากราคามาตรฐาน')]/preceding-sibling::mat-radio-button//input[@type='radio']</arg>
<arg>30s</arg>
<doc>Waits until the element ``locator`` appears on the current page.</doc>
<status status="PASS" start="2025-12-19T10:31:50.354523" elapsed="0.012924"/>
</kw>
<kw name="Get WebElement" owner="SeleniumLibrary">
<msg time="2025-12-19T10:31:50.375602" level="INFO">${standard_radio} = &lt;selenium.webdriver.remote.webelement.WebElement (session="5b2b1de7daeb1503a0cc4ea6dc660b35", element="f.A1A0CF07C9FE251D48AC9B436432A897.d.33635593F860A4F1448AF38AAC360B5D.e.257")&gt;</msg>
<var>${standard_radio}</var>
<arg>xpath=//label[contains(normalize-space(), 'เลือกรายการจากราคามาตรฐาน')]/preceding-sibling::mat-radio-button//input[@type='radio']</arg>
<doc>Returns the first WebElement matching the given ``locator``.</doc>
<status status="PASS" start="2025-12-19T10:31:50.367823" elapsed="0.007831"/>
</kw>
<kw name="Execute Javascript" owner="SeleniumLibrary">
<msg time="2025-12-19T10:31:50.376412" level="INFO">Executing JavaScript:
arguments[0].click();
By using argument:
'&lt;selenium.webdriver.remote.webelement.WebElement (session="5b2b1de7daeb1503a0cc4ea6dc660b35", element="f.A1A0CF07C9FE251D48AC9B436432A897.d.33635593F860A4F1448AF38AAC360B5D.e.257")&gt;'</msg>
<arg>arguments[0].click();</arg>
<arg>ARGUMENTS</arg>
<arg>${standard_radio}</arg>
<doc>Executes the given JavaScript code with possible arguments.</doc>
<status status="PASS" start="2025-12-19T10:31:50.375958" elapsed="0.005111"/>
</kw>
<kw name="Select Option Dialog">
<kw name="Set Variable" owner="BuiltIn">
<msg time="2025-12-19T10:31:50.382125" level="INFO">${dropdown_xpath} = xpath=//label[contains(., 'กลุ่มรายการ')]/following::mat-select[1]//div[contains(@class, 'mat-mdc-select-trigger')]</msg>
<var>${dropdown_xpath}</var>
<arg>xpath=//label[contains(., '${LABEL_NAME}')]/following::mat-select[${INDEX}]//div[contains(@class, 'mat-mdc-select-trigger')]</arg>
<doc>Returns the given values which can then be assigned to a variables.</doc>
<status status="PASS" start="2025-12-19T10:31:50.381916" elapsed="0.000239"/>
</kw>
<kw name="Wait Until Element Is Visible" owner="SeleniumLibrary">
<arg>${dropdown_xpath}</arg>
<arg>30s</arg>
<doc>Waits until the element ``locator`` is visible.</doc>
<status status="PASS" start="2025-12-19T10:31:50.382260" elapsed="0.018526"/>
</kw>
<kw name="Click Element" owner="SeleniumLibrary">
<msg time="2025-12-19T10:31:50.401404" level="INFO">Clicking element 'xpath=//label[contains(., 'กลุ่มรายการ')]/following::mat-select[1]//div[contains(@class, 'mat-mdc-select-trigger')]'.</msg>
<arg>${dropdown_xpath}</arg>
<doc>Click the element identified by ``locator``.</doc>
<status status="PASS" start="2025-12-19T10:31:50.401059" elapsed="0.128519"/>
</kw>
<kw name="Wait Until Element Is Visible" owner="SeleniumLibrary">
<arg>xpath=//mat-option//span[contains(normalize-space(), '${OPTION_TEXT}')]</arg>
<arg>10s</arg>
<doc>Waits until the element ``locator`` is visible.</doc>
<status status="PASS" start="2025-12-19T10:31:50.530686" elapsed="0.021512"/>
</kw>
<kw name="Click Element" owner="SeleniumLibrary">
<msg time="2025-12-19T10:31:50.552844" level="INFO">Clicking element 'xpath=//mat-option//span[contains(normalize-space(), 'เกณฑ์ราคากลางคอมพิวเตอร์ (DE)')]'.</msg>
<arg>xpath=//mat-option//span[contains(normalize-space(), '${OPTION_TEXT}')]</arg>
<doc>Click the element identified by ``locator``.</doc>
<status status="PASS" start="2025-12-19T10:31:50.552522" elapsed="0.146533"/>
</kw>
<kw name="Sleep" owner="BuiltIn">
<msg time="2025-12-19T10:31:51.700042" level="INFO">Slept 1 second.</msg>
<arg>1s</arg>
<doc>Pauses the test executed for the given time.</doc>
<status status="PASS" start="2025-12-19T10:31:50.699316" elapsed="1.001016"/>
</kw>
<arg>กลุ่มรายการ</arg>
<arg>เกณฑ์ราคากลางคอมพิวเตอร์ (DE)</arg>
<doc>เลือก Dropdown</doc>
<status status="PASS" start="2025-12-19T10:31:50.381579" elapsed="1.319035"/>
</kw>
<kw name="Wait Until Page Contains" owner="SeleniumLibrary">
<arg>ตกลง</arg>
<arg>10s</arg>
<doc>Waits until ``text`` appears on the current page.</doc>
<status status="PASS" start="2025-12-19T10:31:51.701189" elapsed="0.018045"/>
</kw>
<kw name="Click Button" owner="SeleniumLibrary">
<msg time="2025-12-19T10:31:51.719793" level="INFO">Clicking button 'ตกลง'.</msg>
<arg>ตกลง</arg>
<doc>Clicks the button identified by ``locator``.</doc>
<status status="PASS" start="2025-12-19T10:31:51.719584" elapsed="0.147908"/>
</kw>
<kw name="Wait Until Page Contains" owner="SeleniumLibrary">
<arg>บันทึก</arg>
<arg>10s</arg>
<doc>Waits until ``text`` appears on the current page.</doc>
<status status="PASS" start="2025-12-19T10:31:51.867879" elapsed="0.036926"/>
</kw>
<kw name="Select Option Dialog">
<kw name="Set Variable" owner="BuiltIn">
<msg time="2025-12-19T10:31:51.906224" level="INFO">${dropdown_xpath} = xpath=//label[contains(., 'เอกสารราคามาตรฐาน')]/following::mat-select[1]//div[contains(@class, 'mat-mdc-select-trigger')]</msg>
<var>${dropdown_xpath}</var>
<arg>xpath=//label[contains(., '${LABEL_NAME}')]/following::mat-select[${INDEX}]//div[contains(@class, 'mat-mdc-select-trigger')]</arg>
<doc>Returns the given values which can then be assigned to a variables.</doc>
<status status="PASS" start="2025-12-19T10:31:51.905972" elapsed="0.000291"/>
</kw>
<kw name="Wait Until Element Is Visible" owner="SeleniumLibrary">
<arg>${dropdown_xpath}</arg>
<arg>30s</arg>
<doc>Waits until the element ``locator`` is visible.</doc>
<status status="PASS" start="2025-12-19T10:31:51.906397" elapsed="0.022246"/>
</kw>
<kw name="Click Element" owner="SeleniumLibrary">
<msg time="2025-12-19T10:31:51.929207" level="INFO">Clicking element 'xpath=//label[contains(., 'เอกสารราคามาตรฐาน')]/following::mat-select[1]//div[contains(@class, 'mat-mdc-select-trigger')]'.</msg>
<arg>${dropdown_xpath}</arg>
<doc>Click the element identified by ``locator``.</doc>
<status status="PASS" start="2025-12-19T10:31:51.928894" elapsed="0.218717"/>
</kw>
<kw name="Wait Until Element Is Visible" owner="SeleniumLibrary">
<arg>xpath=//mat-option//span[contains(normalize-space(), '${OPTION_TEXT}')]</arg>
<arg>10s</arg>
<doc>Waits until the element ``locator`` is visible.</doc>
<status status="PASS" start="2025-12-19T10:31:52.148306" elapsed="0.024459"/>
</kw>
<kw name="Click Element" owner="SeleniumLibrary">
<msg time="2025-12-19T10:31:52.173430" level="INFO">Clicking element 'xpath=//mat-option//span[contains(normalize-space(), '3 2566')]'.</msg>
<arg>xpath=//mat-option//span[contains(normalize-space(), '${OPTION_TEXT}')]</arg>
<doc>Click the element identified by ``locator``.</doc>
<status status="PASS" start="2025-12-19T10:31:52.173063" elapsed="0.126847"/>
</kw>
<kw name="Sleep" owner="BuiltIn">
<msg time="2025-12-19T10:31:53.300651" level="INFO">Slept 1 second.</msg>
<arg>1s</arg>
<doc>Pauses the test executed for the given time.</doc>
<status status="PASS" start="2025-12-19T10:31:52.300143" elapsed="1.000883"/>
</kw>
<arg>เอกสารราคามาตรฐาน</arg>
<arg>3 2566</arg>
<doc>เลือก Dropdown</doc>
<status status="PASS" start="2025-12-19T10:31:51.905572" elapsed="1.395750"/>
</kw>
<kw name="Select Option Dialog">
<kw name="Set Variable" owner="BuiltIn">
<msg time="2025-12-19T10:31:53.302853" level="INFO">${dropdown_xpath} = xpath=//label[contains(., 'รายการอ้างอิงราคามาตรฐาน')]/following::mat-select[1]//div[contains(@class, 'mat-mdc-select-trigger')]</msg>
<var>${dropdown_xpath}</var>
<arg>xpath=//label[contains(., '${LABEL_NAME}')]/following::mat-select[${INDEX}]//div[contains(@class, 'mat-mdc-select-trigger')]</arg>
<doc>Returns the given values which can then be assigned to a variables.</doc>
<status status="PASS" start="2025-12-19T10:31:53.302564" elapsed="0.000330"/>
</kw>
<kw name="Wait Until Element Is Visible" owner="SeleniumLibrary">
<arg>${dropdown_xpath}</arg>
<arg>30s</arg>
<doc>Waits until the element ``locator`` is visible.</doc>
<status status="PASS" start="2025-12-19T10:31:53.303044" elapsed="0.018127"/>
</kw>
<kw name="Click Element" owner="SeleniumLibrary">
<msg time="2025-12-19T10:31:53.321591" level="INFO">Clicking element 'xpath=//label[contains(., 'รายการอ้างอิงราคามาตรฐาน')]/following::mat-select[1]//div[contains(@class, 'mat-mdc-select-trigger')]'.</msg>
<arg>${dropdown_xpath}</arg>
<doc>Click the element identified by ``locator``.</doc>
<status status="PASS" start="2025-12-19T10:31:53.321365" elapsed="0.108759"/>
</kw>
<kw name="Wait Until Element Is Visible" owner="SeleniumLibrary">
<arg>xpath=//mat-option//span[contains(normalize-space(), '${OPTION_TEXT}')]</arg>
<arg>10s</arg>
<doc>Waits until the element ``locator`` is visible.</doc>
<status status="PASS" start="2025-12-19T10:31:53.430327" elapsed="0.017368"/>
</kw>
<kw name="Click Element" owner="SeleniumLibrary">
<msg time="2025-12-19T10:31:53.448797" level="INFO">Clicking element 'xpath=//mat-option//span[contains(normalize-space(), 'เครื่องคอมพิวเตอร์ สำหรับงานประมวลผล แบบที่ 1 * (จอแสดงภาพขนาดไม่น้อยกว่า 19 นิ้ว)')]'.</msg>
<arg>xpath=//mat-option//span[contains(normalize-space(), '${OPTION_TEXT}')]</arg>
<doc>Click the element identified by ``locator``.</doc>
<status status="PASS" start="2025-12-19T10:31:53.448205" elapsed="0.107900"/>
</kw>
<kw name="Sleep" owner="BuiltIn">
<msg time="2025-12-19T10:31:54.556932" level="INFO">Slept 1 second.</msg>
<arg>1s</arg>
<doc>Pauses the test executed for the given time.</doc>
<status status="PASS" start="2025-12-19T10:31:53.556304" elapsed="1.000818"/>
</kw>
<arg>รายการอ้างอิงราคามาตรฐาน</arg>
<arg>เครื่องคอมพิวเตอร์ สำหรับงานประมวลผล แบบที่ 1 * (จอแสดงภาพขนาดไม่น้อยกว่า 19 นิ้ว)</arg>
<doc>เลือก Dropdown</doc>
<status status="PASS" start="2025-12-19T10:31:53.302099" elapsed="1.255164"/>
</kw>
<kw name="Input Text" owner="SeleniumLibrary">
<msg time="2025-12-19T10:31:54.558530" level="INFO">Typing text '200' into text field 'xpath=//label[contains(normalize-space(), 'จำนวน')]/following-sibling::input'.</msg>
<arg>xpath=//label[contains(normalize-space(), 'จำนวน')]/following-sibling::input</arg>
<arg>200</arg>
<doc>Types the given ``text`` into the text field identified by ``locator``.</doc>
<status status="PASS" start="2025-12-19T10:31:54.557919" elapsed="0.100032"/>
</kw>
<kw name="Wait Until Element Is Visible" owner="SeleniumLibrary">
<arg>xpath=(//mat-dialog-container)[last()]//button[normalize-space()='บันทึก']</arg>
<arg>30s</arg>
<doc>Waits until the element ``locator`` is visible.</doc>
<status status="PASS" start="2025-12-19T10:31:54.658298" elapsed="0.015912"/>
</kw>
<kw name="Get WebElement" owner="SeleniumLibrary">
<msg time="2025-12-19T10:31:54.681648" level="INFO">${save_popup_btn} = &lt;selenium.webdriver.remote.webelement.WebElement (session="5b2b1de7daeb1503a0cc4ea6dc660b35", element="f.A1A0CF07C9FE251D48AC9B436432A897.d.33635593F860A4F1448AF38AAC360B5D.e.310")&gt;</msg>
<var>${save_popup_btn}</var>
<arg>xpath=(//mat-dialog-container)[last()]//button[normalize-space()='บันทึก']</arg>
<doc>Returns the first WebElement matching the given ``locator``.</doc>
<status status="PASS" start="2025-12-19T10:31:54.674649" elapsed="0.007045"/>
</kw>
<kw name="Execute Javascript" owner="SeleniumLibrary">
<msg time="2025-12-19T10:31:54.682649" level="INFO">Executing JavaScript:
arguments[0].click();
By using argument:
'&lt;selenium.webdriver.remote.webelement.WebElement (session="5b2b1de7daeb1503a0cc4ea6dc660b35", element="f.A1A0CF07C9FE251D48AC9B436432A897.d.33635593F860A4F1448AF38AAC360B5D.e.310")&gt;'</msg>
<arg>arguments[0].click();</arg>
<arg>ARGUMENTS</arg>
<arg>${save_popup_btn}</arg>
<doc>Executes the given JavaScript code with possible arguments.</doc>
<status status="PASS" start="2025-12-19T10:31:54.682058" elapsed="0.008553"/>
</kw>
<kw name="Wait Until Element Is Visible" owner="SeleniumLibrary">
<arg>xpath=//button[contains(normalize-space(), 'แนบเอกสารคำชี้แจง')]</arg>
<arg>30s</arg>
<doc>Waits until the element ``locator`` is visible.</doc>
<status status="PASS" start="2025-12-19T10:31:54.690909" elapsed="0.018549"/>
</kw>
<kw name="Get WebElement" owner="SeleniumLibrary">
<msg time="2025-12-19T10:31:54.720159" level="INFO">${attach_doc_btn} = &lt;selenium.webdriver.remote.webelement.WebElement (session="5b2b1de7daeb1503a0cc4ea6dc660b35", element="f.A1A0CF07C9FE251D48AC9B436432A897.d.33635593F860A4F1448AF38AAC360B5D.e.321")&gt;</msg>
<var>${attach_doc_btn}</var>
<arg>xpath=//button[contains(normalize-space(), 'แนบเอกสารคำชี้แจง')]</arg>
<doc>Returns the first WebElement matching the given ``locator``.</doc>
<status status="PASS" start="2025-12-19T10:31:54.709856" elapsed="0.010461"/>
</kw>
<kw name="Execute Javascript" owner="SeleniumLibrary">
<msg time="2025-12-19T10:31:54.721290" level="INFO">Executing JavaScript:
arguments[0].click();
By using argument:
'&lt;selenium.webdriver.remote.webelement.WebElement (session="5b2b1de7daeb1503a0cc4ea6dc660b35", element="f.A1A0CF07C9FE251D48AC9B436432A897.d.33635593F860A4F1448AF38AAC360B5D.e.321")&gt;'</msg>
<arg>arguments[0].click();</arg>
<arg>ARGUMENTS</arg>
<arg>${attach_doc_btn}</arg>
<doc>Executes the given JavaScript code with possible arguments.</doc>
<status status="PASS" start="2025-12-19T10:31:54.720819" elapsed="0.021129"/>
</kw>
<kw name="Wait Until Element Is Visible" owner="SeleniumLibrary">
<msg time="2025-12-19T10:31:54.783253" level="INFO">Suppressing StaleElementReferenceException from Selenium.</msg>
<arg>xpath=//div[contains(normalize-space(), 'ชื่อเอกสาร')]/following::input[1]</arg>
<arg>30s</arg>
<doc>Waits until the element ``locator`` is visible.</doc>
<status status="PASS" start="2025-12-19T10:31:54.742371" elapsed="0.257453"/>
</kw>
<kw name="Input Text" owner="SeleniumLibrary">
<msg time="2025-12-19T10:31:55.000460" level="INFO">Typing text 'เอกสารงบประมาณ' into text field 'xpath=//div[contains(normalize-space(), 'ชื่อเอกสาร')]/following::input[1]'.</msg>
<arg>xpath=//div[contains(normalize-space(), 'ชื่อเอกสาร')]/following::input[1]</arg>
<arg>เอกสารงบประมาณ</arg>
<doc>Types the given ``text`` into the text field identified by ``locator``.</doc>
<status status="PASS" start="2025-12-19T10:31:55.000210" elapsed="0.198887"/>
</kw>
<kw name="Choose File" owner="SeleniumLibrary">
<msg time="2025-12-19T10:31:55.199895" level="INFO">Sending C:\Users\krissanaruks\Web_budget_oper\test_upload.jpg to browser.</msg>
<arg>id=dropzone-file</arg>
<arg>${FILE_PATH}</arg>
<doc>Inputs the ``file_path`` into the file input field ``locator``.</doc>
<status status="PASS" start="2025-12-19T10:31:55.199488" elapsed="0.037947"/>
</kw>
<kw name="Sleep" owner="BuiltIn">
<msg time="2025-12-19T10:32:05.238556" level="INFO">Slept 10 seconds.</msg>
<arg>10s</arg>
<doc>Pauses the test executed for the given time.</doc>
<status status="PASS" start="2025-12-19T10:31:55.238014" elapsed="10.000770"/>
</kw>
<kw name="Click Button" owner="SeleniumLibrary">
<msg time="2025-12-19T10:32:05.239702" level="INFO">Clicking button 'ตกลง'.</msg>
<arg>ตกลง</arg>
<doc>Clicks the button identified by ``locator``.</doc>
<status status="PASS" start="2025-12-19T10:32:05.239457" elapsed="0.127725"/>
</kw>
<kw name="Wait Until Page Contains" owner="SeleniumLibrary">
<arg>ต่อไป</arg>
<arg>10s</arg>
<doc>Waits until ``text`` appears on the current page.</doc>
<status status="PASS" start="2025-12-19T10:32:05.367476" elapsed="0.011151"/>
</kw>
<kw name="Click Button" owner="SeleniumLibrary">
<msg time="2025-12-19T10:32:05.379077" level="INFO">Clicking button 'ต่อไป'.</msg>
<arg>ต่อไป</arg>
<doc>Clicks the button identified by ``locator``.</doc>
<status status="PASS" start="2025-12-19T10:32:05.378910" elapsed="0.208661"/>
</kw>
<kw name="Wait Until Element Is Visible" owner="SeleniumLibrary">
<arg>xpath=//div[contains(text(), 'แผนการใช้จ่ายงบประมาณ')]</arg>
<arg>30s</arg>
<doc>Waits until the element ``locator`` is visible.</doc>
<status status="PASS" start="2025-12-19T10:32:05.587855" elapsed="0.044737"/>
</kw>
<kw name="Sleep" owner="BuiltIn">
<msg time="2025-12-19T10:32:07.633513" level="INFO">Slept 2 seconds.</msg>
<arg>2s</arg>
<doc>Pauses the test executed for the given time.</doc>
<status status="PASS" start="2025-12-19T10:32:05.633006" elapsed="2.000738"/>
</kw>
<kw name="Wait Until Page Contains Element" owner="SeleniumLibrary">
<arg>xpath=//input[@type='radio' and @value='average']</arg>
<arg>30s</arg>
<doc>Waits until the element ``locator`` appears on the current page.</doc>
<status status="PASS" start="2025-12-19T10:32:07.634369" elapsed="0.012887"/>
</kw>
<kw name="Get WebElement" owner="SeleniumLibrary">
<msg time="2025-12-19T10:32:07.652791" level="INFO">${avg_radio} = &lt;selenium.webdriver.remote.webelement.WebElement (session="5b2b1de7daeb1503a0cc4ea6dc660b35", element="f.A1A0CF07C9FE251D48AC9B436432A897.d.33635593F860A4F1448AF38AAC360B5D.e.342")&gt;</msg>
<var>${avg_radio}</var>
<arg>xpath=//input[@type='radio' and @value='average']</arg>
<doc>Returns the first WebElement matching the given ``locator``.</doc>
<status status="PASS" start="2025-12-19T10:32:07.647734" elapsed="0.005166"/>
</kw>
<kw name="Execute Javascript" owner="SeleniumLibrary">
<msg time="2025-12-19T10:32:07.655062" level="INFO">Executing JavaScript:
arguments[0].click();
By using argument:
'&lt;selenium.webdriver.remote.webelement.WebElement (session="5b2b1de7daeb1503a0cc4ea6dc660b35", element="f.A1A0CF07C9FE251D48AC9B436432A897.d.33635593F860A4F1448AF38AAC360B5D.e.342")&gt;'</msg>
<arg>arguments[0].click();</arg>
<arg>ARGUMENTS</arg>
<arg>${avg_radio}</arg>
<doc>Executes the given JavaScript code with possible arguments.</doc>
<status status="PASS" start="2025-12-19T10:32:07.653500" elapsed="0.007765"/>
</kw>
<kw name="Wait Until Page Contains Element" owner="SeleniumLibrary">
<arg>xpath=//input[@type='radio' and @value='quarterly']</arg>
<arg>30s</arg>
<doc>Waits until the element ``locator`` appears on the current page.</doc>
<status status="PASS" start="2025-12-19T10:32:07.661532" elapsed="0.010680"/>
</kw>
<kw name="Get WebElement" owner="SeleniumLibrary">
<msg time="2025-12-19T10:32:07.680931" level="INFO">${quarterly_radio} = &lt;selenium.webdriver.remote.webelement.WebElement (session="5b2b1de7daeb1503a0cc4ea6dc660b35", element="f.A1A0CF07C9FE251D48AC9B436432A897.d.33635593F860A4F1448AF38AAC360B5D.e.352")&gt;</msg>
<var>${quarterly_radio}</var>
<arg>xpath=//input[@type='radio' and @value='quarterly']</arg>
<doc>Returns the first WebElement matching the given ``locator``.</doc>
<status status="PASS" start="2025-12-19T10:32:07.672448" elapsed="0.008557"/>
</kw>
<kw name="Execute Javascript" owner="SeleniumLibrary">
<msg time="2025-12-19T10:32:07.681801" level="INFO">Executing JavaScript:
arguments[0].click();
By using argument:
'&lt;selenium.webdriver.remote.webelement.WebElement (session="5b2b1de7daeb1503a0cc4ea6dc660b35", element="f.A1A0CF07C9FE251D48AC9B436432A897.d.33635593F860A4F1448AF38AAC360B5D.e.352")&gt;'</msg>
<arg>arguments[0].click();</arg>
<arg>ARGUMENTS</arg>
<arg>${quarterly_radio}</arg>
<doc>Executes the given JavaScript code with possible arguments.</doc>
<status status="PASS" start="2025-12-19T10:32:07.681336" elapsed="0.009125"/>
</kw>
<kw name="Wait Until Element Is Visible" owner="SeleniumLibrary">
<arg>xpath=//label[contains(normalize-space(), 'ธันวาคม')]/following::input[1]</arg>
<arg>30s</arg>
<doc>Waits until the element ``locator`` is visible.</doc>
<status status="PASS" start="2025-12-19T10:32:07.690741" elapsed="0.040547"/>
</kw>
<kw name="Input Text" owner="SeleniumLibrary">
<msg time="2025-12-19T10:32:07.732012" level="INFO">Typing text '100000' into text field 'xpath=//label[contains(normalize-space(), 'ธันวาคม')]/following::input[1]'.</msg>
<arg>xpath=//label[contains(normalize-space(), 'ธันวาคม')]/following::input[1]</arg>
<arg>100000</arg>
<doc>Types the given ``text`` into the text field identified by ``locator``.</doc>
<status status="PASS" start="2025-12-19T10:32:07.731752" elapsed="0.100927"/>
</kw>
<kw name="Wait Until Element Is Visible" owner="SeleniumLibrary">
<arg>xpath=//label[contains(normalize-space(), 'มีนาคม')]/following::input[1]</arg>
<arg>30s</arg>
<doc>Waits until the element ``locator`` is visible.</doc>
<status status="PASS" start="2025-12-19T10:32:07.833105" elapsed="0.044116"/>
</kw>
<kw name="Input Text" owner="SeleniumLibrary">
<msg time="2025-12-19T10:32:07.877859" level="INFO">Typing text '110000' into text field 'xpath=//label[contains(normalize-space(), 'มีนาคม')]/following::input[1]'.</msg>
<arg>xpath=//label[contains(normalize-space(), 'มีนาคม')]/following::input[1]</arg>
<arg>110000</arg>
<doc>Types the given ``text`` into the text field identified by ``locator``.</doc>
<status status="PASS" start="2025-12-19T10:32:07.877619" elapsed="0.091670"/>
</kw>
<kw name="Wait Until Element Is Visible" owner="SeleniumLibrary">
<arg>xpath=//label[contains(normalize-space(), 'มิถุนายน')]/following::input[1]</arg>
<arg>30s</arg>
<doc>Waits until the element ``locator`` is visible.</doc>
<status status="PASS" start="2025-12-19T10:32:07.969884" elapsed="0.022438"/>
</kw>
<kw name="Input Text" owner="SeleniumLibrary">
<msg time="2025-12-19T10:32:07.994234" level="INFO">Typing text '120000' into text field 'xpath=//label[contains(normalize-space(), 'มิถุนายน')]/following::input[1]'.</msg>
<arg>xpath=//label[contains(normalize-space(), 'มิถุนายน')]/following::input[1]</arg>
<arg>120000</arg>
<doc>Types the given ``text`` into the text field identified by ``locator``.</doc>
<status status="PASS" start="2025-12-19T10:32:07.993380" elapsed="0.121206"/>
</kw>
<kw name="Wait Until Element Is Visible" owner="SeleniumLibrary">
<arg>xpath=//label[contains(normalize-space(), 'กันยายน')]/following::input[1]</arg>
<arg>30s</arg>
<doc>Waits until the element ``locator`` is visible.</doc>
<status status="PASS" start="2025-12-19T10:32:08.115007" elapsed="0.039771"/>
</kw>
<kw name="Input Text" owner="SeleniumLibrary">
<msg time="2025-12-19T10:32:08.155659" level="INFO">Typing text '130000' into text field 'xpath=//label[contains(normalize-space(), 'กันยายน')]/following::input[1]'.</msg>
<arg>xpath=//label[contains(normalize-space(), 'กันยายน')]/following::input[1]</arg>
<arg>130000</arg>
<doc>Types the given ``text`` into the text field identified by ``locator``.</doc>
<status status="PASS" start="2025-12-19T10:32:08.155374" elapsed="0.099669"/>
</kw>
<kw name="Wait Until Element Is Not Visible" owner="SeleniumLibrary">
<arg>xpath=//div[contains(@class, 'ngx-spinner-overlay')]</arg>
<arg>30s</arg>
<doc>Waits until the element ``locator`` is not visible.</doc>
<status status="PASS" start="2025-12-19T10:32:08.255539" elapsed="0.012446"/>
</kw>
<kw name="Wait Until Element Is Visible" owner="SeleniumLibrary">
<arg>xpath=//button[contains(@class, 'primary') and normalize-space()='บันทึก']</arg>
<arg>30s</arg>
<doc>Waits until the element ``locator`` is visible.</doc>
<status status="PASS" start="2025-12-19T10:32:08.268558" elapsed="0.023070"/>
</kw>
<kw name="Get WebElement" owner="SeleniumLibrary">
<msg time="2025-12-19T10:32:08.308123" level="INFO">${save_final_btn} = &lt;selenium.webdriver.remote.webelement.WebElement (session="5b2b1de7daeb1503a0cc4ea6dc660b35", element="f.A1A0CF07C9FE251D48AC9B436432A897.d.33635593F860A4F1448AF38AAC360B5D.e.298")&gt;</msg>
<var>${save_final_btn}</var>
<arg>xpath=//button[contains(@class, 'primary') and normalize-space()='บันทึก']</arg>
<doc>Returns the first WebElement matching the given ``locator``.</doc>
<status status="PASS" start="2025-12-19T10:32:08.292320" elapsed="0.015975"/>
</kw>
<kw name="Execute Javascript" owner="SeleniumLibrary">
<msg time="2025-12-19T10:32:08.309416" level="INFO">Executing JavaScript:
arguments[0].click();
By using argument:
'&lt;selenium.webdriver.remote.webelement.WebElement (session="5b2b1de7daeb1503a0cc4ea6dc660b35", element="f.A1A0CF07C9FE251D48AC9B436432A897.d.33635593F860A4F1448AF38AAC360B5D.e.298")&gt;'</msg>
<arg>arguments[0].click();</arg>
<arg>ARGUMENTS</arg>
<arg>${save_final_btn}</arg>
<doc>Executes the given JavaScript code with possible arguments.</doc>
<status status="PASS" start="2025-12-19T10:32:08.308868" elapsed="0.015921"/>
</kw>
<kw name="Wait Until Element Is Visible" owner="SeleniumLibrary">
<arg>xpath=//div[contains(text(), 'รายละเอียดรายการ')]</arg>
<arg>30s</arg>
<doc>Waits until the element ``locator`` is visible.</doc>
<status status="PASS" start="2025-12-19T10:32:08.325395" elapsed="0.021437"/>
</kw>
<kw name="Sleep" owner="BuiltIn">
<msg time="2025-12-19T10:32:13.347773" level="INFO">Slept 5 seconds.</msg>
<arg>5s</arg>
<doc>Pauses the test executed for the given time.</doc>
<status status="PASS" start="2025-12-19T10:32:08.347318" elapsed="5.000729"/>
</kw>
<doc>สร้างรายการงบประมาณสำเร็จ</doc>
<tag>e2e</tag>
<tag>regression</tag>
<status status="PASS" start="2025-12-19T10:30:28.040620" elapsed="105.307874"/>
</test>
<status status="PASS" start="2025-12-19T10:30:27.336799" elapsed="106.012538"/>
</suite>
<statistics>
<total>
<stat pass="1" fail="0" skip="0">All Tests</stat>
</total>
<tag>
<stat pass="1" fail="0" skip="0">e2e</stat>
<stat pass="1" fail="0" skip="0">regression</stat>
</tag>
<suite>
<stat name="Budget request" id="s1" pass="1" fail="0" skip="0">Budget request</stat>
</suite>
</statistics>
<errors>
</errors>
</robot>
