<?xml version="1.0" encoding="UTF-8"?>
<robot generator="Robot 7.3.2 (Python 3.13.1 on win32)" generated="2025-12-24T16:48:37.531392" rpa="false" schemaversion="5">
<suite id="s1" name="Registry" source="C:\Users\krissanaruks\Web_budget_oper\Registry.robot">
<kw name="Set Screenshot Directory" owner="SeleniumLibrary" type="SETUP">
<arg>${OUTPUT DIR}${/}screenshots</arg>
<doc>Sets the directory for captured screenshots.</doc>
<status status="PASS" start="2025-12-24T16:48:37.705120" elapsed="0.000253"/>
</kw>
<test id="s1-t1" name="Add REGIS Success" line="28">
<kw name="Login And Navigate To App" type="SETUP">
<kw name="Open Browser To Login Page" owner="login_resource">
<kw name="Evaluate" owner="BuiltIn">
<msg time="2025-12-24T16:48:37.706659" level="INFO">${chrome_options} = &lt;selenium.webdriver.chrome.options.Options object at 0x000001EEF62F2270&gt;</msg>
<var>${chrome_options}</var>
<arg>selenium.webdriver.ChromeOptions()</arg>
<arg>selenium</arg>
<doc>Evaluates the given expression in Python and returns the result.</doc>
<status status="PASS" start="2025-12-24T16:48:37.706505" elapsed="0.000176"/>
</kw>
<kw name="Call Method" owner="BuiltIn">
<arg>${chrome_options}</arg>
<arg>add_argument</arg>
<arg>--disable-notifications</arg>
<doc>Calls the named method of the given object with the provided arguments.</doc>
<status status="PASS" start="2025-12-24T16:48:37.706752" elapsed="0.000074"/>
</kw>
<kw name="Open Browser" owner="SeleniumLibrary">
<msg time="2025-12-24T16:48:37.707042" level="INFO">Opening browser 'Chrome' to base url 'https://neb.centerapp.io/center-web/login'.</msg>
<arg>${LOGIN_URL}</arg>
<arg>${BROWSER}</arg>
<arg>options=${chrome_options}</arg>
<doc>Opens a new browser instance to the optional ``url``.</doc>
<status status="PASS" start="2025-12-24T16:48:37.706895" elapsed="3.064967"/>
</kw>
<kw name="Maximize Browser Window" owner="SeleniumLibrary">
<doc>Maximizes current browser window.</doc>
<status status="PASS" start="2025-12-24T16:48:40.772027" elapsed="0.022562"/>
</kw>
<kw name="Wait Until Element Is Visible" owner="SeleniumLibrary">
<arg>${EMAIL_INPUT}</arg>
<arg>30s</arg>
<doc>Waits until the element ``locator`` is visible.</doc>
<status status="PASS" start="2025-12-24T16:48:40.794789" elapsed="0.225792"/>
</kw>
<status status="PASS" start="2025-12-24T16:48:37.706377" elapsed="3.314469"/>
</kw>
<kw name="Perform Login" owner="login_resource">
<kw name="Input Text" owner="SeleniumLibrary">
<msg time="2025-12-24T16:48:41.021521" level="INFO">Typing text 'oper-unit@neb.go.th' into text field 'xpath=//*[@id="root"]/div/main/div/div[2]/div/div[2]/div[1]/input'.</msg>
<arg>${EMAIL_INPUT}</arg>
<arg>${username}</arg>
<doc>Types the given ``text`` into the text field identified by ``locator``.</doc>
<status status="PASS" start="2025-12-24T16:48:41.021347" elapsed="0.095463"/>
</kw>
<kw name="Input Text" owner="SeleniumLibrary">
<msg time="2025-12-24T16:48:41.117143" level="INFO">Typing text 'P@ssw0rd' into text field 'xpath=//*[@id="root"]/div/main/div/div[2]/div/div[2]/div[1]/span/input'.</msg>
<arg>${PASSWORD_INPUT}</arg>
<arg>${password}</arg>
<doc>Types the given ``text`` into the text field identified by ``locator``.</doc>
<status status="PASS" start="2025-12-24T16:48:41.116953" elapsed="0.049196"/>
</kw>
<kw name="Click Element" owner="SeleniumLibrary">
<msg time="2025-12-24T16:48:41.166451" level="INFO">Clicking element 'xpath=//*[@id="root"]/div/main/div/div[2]/div/div[2]/div[3]/button'.</msg>
<arg>${LOGIN_BUTTON}</arg>
<doc>Click the element identified by ``locator``.</doc>
<status status="PASS" start="2025-12-24T16:48:41.166282" elapsed="0.041543"/>
</kw>
<arg>${OPER_EMAIL}</arg>
<arg>${VALID_PASSWORD}</arg>
<status status="PASS" start="2025-12-24T16:48:41.021047" elapsed="0.186868"/>
</kw>
<kw name="Wait Until Location Is" owner="SeleniumLibrary">
<arg>${Main_URL}</arg>
<arg>30s</arg>
<doc>Waits until the current URL is ``expected``.</doc>
<status status="PASS" start="2025-12-24T16:48:41.208013" elapsed="2.108555"/>
</kw>
<kw name="Wait Until Element Is Visible" owner="SeleniumLibrary">
<arg>xpath=//li[contains(., 'แอปพลิเคชันของฉัน')]</arg>
<arg>30s</arg>
<doc>Waits until the element ``locator`` is visible.</doc>
<status status="PASS" start="2025-12-24T16:48:43.316776" elapsed="0.028692"/>
</kw>
<kw name="Click Element" owner="SeleniumLibrary">
<msg time="2025-12-24T16:48:43.345917" level="INFO">Clicking element 'xpath=//li[contains(., 'แอปพลิเคชันของฉัน')]'.</msg>
<arg>xpath=//li[contains(., 'แอปพลิเคชันของฉัน')]</arg>
<doc>Click the element identified by ``locator``.</doc>
<status status="PASS" start="2025-12-24T16:48:43.345679" elapsed="0.081689"/>
</kw>
<kw name="Set Variable" owner="BuiltIn">
<msg time="2025-12-24T16:48:43.427679" level="INFO">${c2web_locator} = xpath=//*[contains(text(), 'C2-WEB')]</msg>
<var>${c2web_locator}</var>
<arg>xpath=//*[contains(text(), 'C2-WEB')]</arg>
<doc>Returns the given values which can then be assigned to a variables.</doc>
<status status="PASS" start="2025-12-24T16:48:43.427523" elapsed="0.000177"/>
</kw>
<kw name="Wait Until Element Is Visible" owner="SeleniumLibrary">
<arg>${c2web_locator}</arg>
<arg>30s</arg>
<doc>Waits until the element ``locator`` is visible.</doc>
<status status="PASS" start="2025-12-24T16:48:43.427785" elapsed="0.296021"/>
</kw>
<kw name="Click Element" owner="SeleniumLibrary">
<msg time="2025-12-24T16:48:43.724182" level="INFO">Clicking element 'xpath=//*[contains(text(), 'C2-WEB')]'.</msg>
<arg>${c2web_locator}</arg>
<doc>Click the element identified by ``locator``.</doc>
<status status="PASS" start="2025-12-24T16:48:43.723969" elapsed="0.044993"/>
</kw>
<kw name="Wait Until Element Is Not Visible" owner="SeleniumLibrary">
<arg>${c2web_locator}</arg>
<arg>30s</arg>
<doc>Waits until the element ``locator`` is not visible.</doc>
<status status="PASS" start="2025-12-24T16:48:43.769170" elapsed="0.018041"/>
</kw>
<kw name="Wait Until Element Is Visible" owner="SeleniumLibrary">
<arg>id=iframemicroapp</arg>
<arg>30s</arg>
<doc>Waits until the element ``locator`` is visible.</doc>
<status status="PASS" start="2025-12-24T16:48:43.787386" elapsed="3.089983"/>
</kw>
<kw name="Select Frame" owner="SeleniumLibrary">
<msg time="2025-12-24T16:48:46.877748" level="INFO">Selecting frame 'id=iframemicroapp'.</msg>
<arg>id=iframemicroapp</arg>
<doc>Sets frame identified by ``locator`` as the current frame.</doc>
<status status="PASS" start="2025-12-24T16:48:46.877546" elapsed="0.025872"/>
</kw>
<kw name="Sleep" owner="BuiltIn">
<msg time="2025-12-24T16:48:51.904241" level="INFO">Slept 5 seconds.</msg>
<arg>5s</arg>
<doc>Pauses the test executed for the given time.</doc>
<status status="PASS" start="2025-12-24T16:48:46.903560" elapsed="5.000785"/>
</kw>
<kw name="Wait Until Element Is Visible" owner="SeleniumLibrary">
<arg>xpath=//span[normalize-space()='หน่วยปฏิบัติ']</arg>
<arg>30s</arg>
<doc>Waits until the element ``locator`` is visible.</doc>
<status status="PASS" start="2025-12-24T16:48:51.904486" elapsed="0.027678"/>
</kw>
<status status="PASS" start="2025-12-24T16:48:37.706195" elapsed="14.226068"/>
</kw>
<kw name="Go TO REGISTRATION">
<kw name="Click Element" owner="SeleniumLibrary">
<msg time="2025-12-24T16:48:51.932860" level="INFO">Clicking element 'xpath=//span[normalize-space()='หน่วยปฏิบัติ']'.</msg>
<arg>xpath=//span[normalize-space()='หน่วยปฏิบัติ']</arg>
<doc>Click the element identified by ``locator``.</doc>
<status status="PASS" start="2025-12-24T16:48:51.932724" elapsed="0.101162"/>
</kw>
<kw name="Wait Until Keyword Succeeds" owner="BuiltIn">
<kw name="Wait Until Element Is Visible" owner="SeleniumLibrary">
<arg>xpath=//div[contains(text(), 'จัดทำคำของบประมาณ (2.3)')]</arg>
<arg>30s</arg>
<doc>Waits until the element ``locator`` is visible.</doc>
<status status="PASS" start="2025-12-24T16:48:52.034239" elapsed="0.013045"/>
</kw>
<arg>5x</arg>
<arg>1s</arg>
<arg>Wait Until Element Is Visible</arg>
<arg>xpath=//div[contains(text(), 'จัดทำคำของบประมาณ (2.3)')]</arg>
<arg>30s</arg>
<doc>Runs the specified keyword and retries if it fails.</doc>
<status status="PASS" start="2025-12-24T16:48:52.034049" elapsed="0.013576"/>
</kw>
<kw name="Click Element" owner="SeleniumLibrary">
<msg time="2025-12-24T16:48:52.048075" level="INFO">Clicking element 'xpath=//div[contains(text(), 'จัดทำคำของบประมาณ (2.3)')]'.</msg>
<arg>xpath=//div[contains(text(), 'จัดทำคำของบประมาณ (2.3)')]</arg>
<doc>Click the element identified by ``locator``.</doc>
<status status="PASS" start="2025-12-24T16:48:52.047829" elapsed="0.101517"/>
</kw>
<kw name="Wait Until Element Is Visible" owner="SeleniumLibrary">
<arg>xpath=//div[contains(text(), 'ทะเบียนรายการหน่วยปฏิบัติ')]</arg>
<arg>30s</arg>
<doc>Waits until the element ``locator`` is visible.</doc>
<status status="PASS" start="2025-12-24T16:48:52.149495" elapsed="0.024538"/>
</kw>
<kw name="Click Element" owner="SeleniumLibrary">
<msg time="2025-12-24T16:48:52.174349" level="INFO">Clicking element 'xpath=//div[contains(text(), 'ทะเบียนรายการหน่วยปฏิบัติ')]'.</msg>
<arg>xpath=//div[contains(text(), 'ทะเบียนรายการหน่วยปฏิบัติ')]</arg>
<doc>Click the element identified by ``locator``.</doc>
<status status="PASS" start="2025-12-24T16:48:52.174189" elapsed="0.141645"/>
</kw>
<kw name="Wait Until Element Is Visible" owner="SeleniumLibrary">
<arg>xpath=//div[contains(text(), 'รายการข้อมูล')]</arg>
<arg>30s</arg>
<doc>Waits until the element ``locator`` is visible.</doc>
<status status="PASS" start="2025-12-24T16:48:52.316015" elapsed="0.046890"/>
</kw>
<kw name="Element Should Contain" owner="SeleniumLibrary">
<msg time="2025-12-24T16:48:52.408358" level="INFO">Element 'xpath=//div[contains(text(), 'รายการข้อมูล')]' contains text 'รายการข้อมูล'.</msg>
<arg>xpath=//div[contains(text(), 'รายการข้อมูล')]</arg>
<arg>รายการข้อมูล</arg>
<doc>Verifies that element ``locator`` contains text ``expected``.</doc>
<status status="PASS" start="2025-12-24T16:48:52.364131" elapsed="0.044324"/>
</kw>
<status status="PASS" start="2025-12-24T16:48:51.932520" elapsed="0.476021"/>
</kw>
<kw name="Wait Until Element Is Visible" owner="SeleniumLibrary">
<arg>xpath=//button[normalize-space()='เพิ่มรายการ']</arg>
<arg>30s</arg>
<doc>Waits until the element ``locator`` is visible.</doc>
<status status="PASS" start="2025-12-24T16:48:52.409811" elapsed="0.032832"/>
</kw>
<kw name="Click Element" owner="SeleniumLibrary">
<msg time="2025-12-24T16:48:52.443770" level="INFO">Clicking element 'xpath=//button[normalize-space()='เพิ่มรายการ']'.</msg>
<arg>xpath=//button[normalize-space()='เพิ่มรายการ']</arg>
<doc>Click the element identified by ``locator``.</doc>
<status status="PASS" start="2025-12-24T16:48:52.443552" elapsed="0.280562"/>
</kw>
<kw name="Wait Until Element Is Visible" owner="SeleniumLibrary">
<arg>xpath=//button[normalize-space()='เลือกรายการกลาง']</arg>
<arg>30s</arg>
<doc>Waits until the element ``locator`` is visible.</doc>
<status status="PASS" start="2025-12-24T16:48:52.724340" elapsed="0.019256"/>
</kw>
<kw name="Click Element" owner="SeleniumLibrary">
<msg time="2025-12-24T16:48:52.743998" level="INFO">Clicking element 'xpath=//button[normalize-space()='เลือกรายการกลาง']'.</msg>
<arg>xpath=//button[normalize-space()='เลือกรายการกลาง']</arg>
<doc>Click the element identified by ``locator``.</doc>
<status status="PASS" start="2025-12-24T16:48:52.743841" elapsed="0.331152"/>
</kw>
<kw name="Wait Until Element Is Visible" owner="SeleniumLibrary">
<arg>xpath=//input[@type='radio' and @value='1']/following-sibling::div[contains(@class, 'mdc-radio__background')]</arg>
<arg>30s</arg>
<doc>Waits until the element ``locator`` is visible.</doc>
<status status="PASS" start="2025-12-24T16:48:53.075236" elapsed="0.014301"/>
</kw>
<kw name="Click Element" owner="SeleniumLibrary">
<msg time="2025-12-24T16:48:53.090645" level="INFO">Clicking element 'xpath=//mat-radio-button[.//input[@type='radio' and @value='1']]'.</msg>
<arg>xpath=//mat-radio-button[.//input[@type='radio' and @value='1']]</arg>
<doc>Click the element identified by ``locator``.</doc>
<status status="PASS" start="2025-12-24T16:48:53.090438" elapsed="0.099680"/>
</kw>
<kw name="Sleep" owner="BuiltIn">
<msg time="2025-12-24T16:48:54.190874" level="INFO">Slept 1 second.</msg>
<arg>1s</arg>
<doc>Pauses the test executed for the given time.</doc>
<status status="PASS" start="2025-12-24T16:48:53.190520" elapsed="1.000453"/>
</kw>
<kw name="Click Element" owner="SeleniumLibrary">
<msg time="2025-12-24T16:48:54.191952" level="INFO">Clicking element 'xpath=//mat-radio-button[.//input[@type='radio' and @value='1']]'.</msg>
<arg>xpath=//mat-radio-button[.//input[@type='radio' and @value='1']]</arg>
<doc>Click the element identified by ``locator``.</doc>
<status status="PASS" start="2025-12-24T16:48:54.191740" elapsed="0.057897"/>
</kw>
<kw name="Select Option In Dialog">
<kw name="Set Variable" owner="BuiltIn">
<msg time="2025-12-24T16:48:54.250744" level="INFO">${dropdown_xpath} = xpath=//mat-dialog-container//label[contains(., 'กลุ่มรายการ')]/following::mat-select[1]//div[contains(@class, 'mat-mdc-select-trigger')]</msg>
<var>${dropdown_xpath}</var>
<arg>xpath=//mat-dialog-container//label[contains(., '${LABEL_NAME}')]/following::mat-select[1]//div[contains(@class, 'mat-mdc-select-trigger')]</arg>
<doc>Returns the given values which can then be assigned to a variables.</doc>
<status status="PASS" start="2025-12-24T16:48:54.250136" elapsed="0.000644"/>
</kw>
<kw name="Wait Until Element Is Visible" owner="SeleniumLibrary">
<arg>${dropdown_xpath}</arg>
<arg>30s</arg>
<doc>Waits until the element ``locator`` is visible.</doc>
<status status="PASS" start="2025-12-24T16:48:54.250940" elapsed="0.010153"/>
</kw>
<kw name="Get WebElement" owner="SeleniumLibrary">
<msg time="2025-12-24T16:48:54.266429" level="INFO">${element} = &lt;selenium.webdriver.remote.webelement.WebElement (session="6b98bffbab818c3f2ac5de06c2a8069b", element="f.6080860497883493B22EBB655A3EFA5F.d.AC0A0C10597D74C42EFC4434812308AE.e.116")&gt;</msg>
<var>${element}</var>
<arg>${dropdown_xpath}</arg>
<doc>Returns the first WebElement matching the given ``locator``.</doc>
<status status="PASS" start="2025-12-24T16:48:54.261212" elapsed="0.005254"/>
</kw>
<kw name="Execute Javascript" owner="SeleniumLibrary">
<msg time="2025-12-24T16:48:54.266914" level="INFO">Executing JavaScript:
arguments[0].click();
By using argument:
'&lt;selenium.webdriver.remote.webelement.WebElement (session="6b98bffbab818c3f2ac5de06c2a8069b", element="f.6080860497883493B22EBB655A3EFA5F.d.AC0A0C10597D74C42EFC4434812308AE.e.116")&gt;'</msg>
<arg>arguments[0].click();</arg>
<arg>ARGUMENTS</arg>
<arg>${element}</arg>
<doc>Executes the given JavaScript code with possible arguments.</doc>
<status status="PASS" start="2025-12-24T16:48:54.266592" elapsed="0.010571"/>
</kw>
<kw name="Sleep" owner="BuiltIn">
<msg time="2025-12-24T16:48:55.278059" level="INFO">Slept 1 second.</msg>
<arg>1s</arg>
<doc>Pauses the test executed for the given time.</doc>
<status status="PASS" start="2025-12-24T16:48:54.277292" elapsed="1.001092"/>
</kw>
<kw name="Wait Until Element Is Visible" owner="SeleniumLibrary">
<arg>xpath=//span[normalize-space()='${OPTION_TEXT}']</arg>
<arg>10s</arg>
<doc>Waits until the element ``locator`` is visible.</doc>
<status status="PASS" start="2025-12-24T16:48:55.278923" elapsed="0.015627"/>
</kw>
<kw name="Click Element" owner="SeleniumLibrary">
<msg time="2025-12-24T16:48:55.294921" level="INFO">Clicking element 'xpath=//span[normalize-space()='ราคามาตรฐานครุภัณฑ์ (สงป.)']'.</msg>
<arg>xpath=//span[normalize-space()='${OPTION_TEXT}']</arg>
<doc>Click the element identified by ``locator``.</doc>
<status status="PASS" start="2025-12-24T16:48:55.294670" elapsed="0.054174"/>
</kw>
<arg>กลุ่มรายการ</arg>
<arg>ราคามาตรฐานครุภัณฑ์ (สงป.)</arg>
<doc>เลือก Dropdown</doc>
<status status="PASS" start="2025-12-24T16:48:54.249920" elapsed="1.099007"/>
</kw>
<kw name="Select Option In Dialog">
<kw name="Set Variable" owner="BuiltIn">
<msg time="2025-12-24T16:48:55.349538" level="INFO">${dropdown_xpath} = xpath=//mat-dialog-container//label[contains(., 'ประเภทรายการ')]/following::mat-select[1]//div[contains(@class, 'mat-mdc-select-trigger')]</msg>
<var>${dropdown_xpath}</var>
<arg>xpath=//mat-dialog-container//label[contains(., '${LABEL_NAME}')]/following::mat-select[1]//div[contains(@class, 'mat-mdc-select-trigger')]</arg>
<doc>Returns the given values which can then be assigned to a variables.</doc>
<status status="PASS" start="2025-12-24T16:48:55.349422" elapsed="0.000136"/>
</kw>
<kw name="Wait Until Element Is Visible" owner="SeleniumLibrary">
<arg>${dropdown_xpath}</arg>
<arg>30s</arg>
<doc>Waits until the element ``locator`` is visible.</doc>
<status status="PASS" start="2025-12-24T16:48:55.349624" elapsed="0.020729"/>
</kw>
<kw name="Get WebElement" owner="SeleniumLibrary">
<msg time="2025-12-24T16:48:55.375031" level="INFO">${element} = &lt;selenium.webdriver.remote.webelement.WebElement (session="6b98bffbab818c3f2ac5de06c2a8069b", element="f.6080860497883493B22EBB655A3EFA5F.d.AC0A0C10597D74C42EFC4434812308AE.e.120")&gt;</msg>
<var>${element}</var>
<arg>${dropdown_xpath}</arg>
<doc>Returns the first WebElement matching the given ``locator``.</doc>
<status status="PASS" start="2025-12-24T16:48:55.370511" elapsed="0.004559"/>
</kw>
<kw name="Execute Javascript" owner="SeleniumLibrary">
<msg time="2025-12-24T16:48:55.375464" level="INFO">Executing JavaScript:
arguments[0].click();
By using argument:
'&lt;selenium.webdriver.remote.webelement.WebElement (session="6b98bffbab818c3f2ac5de06c2a8069b", element="f.6080860497883493B22EBB655A3EFA5F.d.AC0A0C10597D74C42EFC4434812308AE.e.120")&gt;'</msg>
<arg>arguments[0].click();</arg>
<arg>ARGUMENTS</arg>
<arg>${element}</arg>
<doc>Executes the given JavaScript code with possible arguments.</doc>
<status status="PASS" start="2025-12-24T16:48:55.375183" elapsed="0.007657"/>
</kw>
<kw name="Sleep" owner="BuiltIn">
<msg time="2025-12-24T16:48:56.383487" level="INFO">Slept 1 second.</msg>
<arg>1s</arg>
<doc>Pauses the test executed for the given time.</doc>
<status status="PASS" start="2025-12-24T16:48:55.383000" elapsed="1.000879"/>
</kw>
<kw name="Wait Until Element Is Visible" owner="SeleniumLibrary">
<arg>xpath=//span[normalize-space()='${OPTION_TEXT}']</arg>
<arg>10s</arg>
<doc>Waits until the element ``locator`` is visible.</doc>
<status status="PASS" start="2025-12-24T16:48:56.384546" elapsed="0.017518"/>
</kw>
<kw name="Click Element" owner="SeleniumLibrary">
<msg time="2025-12-24T16:48:56.402354" level="INFO">Clicking element 'xpath=//span[normalize-space()='0801 : ครุภัณฑ์ก่อสร้าง']'.</msg>
<msg time="2025-12-24T16:49:00.577563" level="WARN">Retrying (Retry(total=2, connect=None, read=None, redirect=None, status=None)) after connection broken by 'NewConnectionError('&lt;urllib3.connection.HTTPConnection object at 0x000001EEF6372AD0&gt;: Failed to establish a new connection: [WinError 10061] No connection could be made because the target machine actively refused it')': /session/6b98bffbab818c3f2ac5de06c2a8069b/screenshot</msg>
<msg time="2025-12-24T16:49:04.688484" level="WARN">Retrying (Retry(total=1, connect=None, read=None, redirect=None, status=None)) after connection broken by 'NewConnectionError('&lt;urllib3.connection.HTTPConnection object at 0x000001EEF6372990&gt;: Failed to establish a new connection: [WinError 10061] No connection could be made because the target machine actively refused it')': /session/6b98bffbab818c3f2ac5de06c2a8069b/screenshot</msg>
<msg time="2025-12-24T16:49:08.828255" level="WARN">Retrying (Retry(total=0, connect=None, read=None, redirect=None, status=None)) after connection broken by 'NewConnectionError('&lt;urllib3.connection.HTTPConnection object at 0x000001EEF629B360&gt;: Failed to establish a new connection: [WinError 10061] No connection could be made because the target machine actively refused it')': /session/6b98bffbab818c3f2ac5de06c2a8069b/screenshot</msg>
<msg time="2025-12-24T16:49:12.947181" level="WARN">Keyword 'Capture Page Screenshot' could not be run on failure: HTTPConnectionPool(host='localhost', port=54562): Max retries exceeded with url: /session/6b98bffbab818c3f2ac5de06c2a8069b/screenshot (Caused by NewConnectionError('&lt;urllib3.connection.HTTPConnection object at 0x000001EEF629B5C0&gt;: Failed to establish a new connection: [WinError 10061] No connection could be made because the target machine actively refused it'))</msg>
<arg>xpath=//span[normalize-space()='${OPTION_TEXT}']</arg>
<doc>Click the element identified by ``locator``.</doc>
<status status="FAIL" start="2025-12-24T16:48:56.402181" elapsed="16.545676">Execution terminated by signal</status>
</kw>
<arg>ประเภทรายการ</arg>
<arg>0801 : ครุภัณฑ์ก่อสร้าง</arg>
<doc>เลือก Dropdown</doc>
<status status="FAIL" start="2025-12-24T16:48:55.349215" elapsed="17.598932">Execution terminated by signal</status>
</kw>
<kw name="Select Option In Dialog">
<arg>หมวดรายจ่ายย่อย</arg>
<arg>600 : ค่าครุภัณฑ์</arg>
<doc>เลือก Dropdown</doc>
<status status="NOT RUN" start="2025-12-24T16:49:12.948534" elapsed="0.000059"/>
</kw>
<kw name="Click Element" owner="SeleniumLibrary">
<arg>xpath=//mat-dialog-container//button[normalize-space()='ค้นหา']</arg>
<doc>Click the element identified by ``locator``.</doc>
<status status="NOT RUN" start="2025-12-24T16:49:12.948832" elapsed="0.000046"/>
</kw>
<kw name="Wait Until Element Is Visible" owner="SeleniumLibrary">
<arg>xpath=//mat-dialog-container//tbody//tr[1]//mat-radio-button</arg>
<arg>30s</arg>
<doc>Waits until the element ``locator`` is visible.</doc>
<status status="NOT RUN" start="2025-12-24T16:49:12.949106" elapsed="0.000036"/>
</kw>
<kw name="Click Element" owner="SeleniumLibrary">
<arg>xpath=//mat-dialog-container//tbody//tr[1]//mat-radio-button</arg>
<doc>Click the element identified by ``locator``.</doc>
<status status="NOT RUN" start="2025-12-24T16:49:12.949338" elapsed="0.000032"/>
</kw>
<kw name="Click Element" owner="SeleniumLibrary">
<arg>xpath=//mat-dialog-container//button[normalize-space()='บันทึก']</arg>
<doc>Click the element identified by ``locator``.</doc>
<status status="NOT RUN" start="2025-12-24T16:49:12.949630" elapsed="0.000051"/>
</kw>
<kw name="Wait Until Element Is Not Visible" owner="SeleniumLibrary">
<arg>xpath=//mat-dialog-container</arg>
<arg>10s</arg>
<doc>Waits until the element ``locator`` is not visible.</doc>
<status status="NOT RUN" start="2025-12-24T16:49:12.949913" elapsed="0.000039"/>
</kw>
<kw name="Wait Until Element Is Visible" owner="SeleniumLibrary">
<arg>xpath=//label[normalize-space()='ชื่อรายการ (เพิ่มเติม)']</arg>
<arg>30s</arg>
<doc>Waits until the element ``locator`` is visible.</doc>
<status status="NOT RUN" start="2025-12-24T16:49:12.950115" elapsed="0.000032"/>
</kw>
<kw name="Input Text" owner="SeleniumLibrary">
<arg>xpath=//textarea[@placeholder='กรุณาเลือก']</arg>
<arg>${ชื่อรายการเพิ่มเติม}</arg>
<doc>Types the given ``text`` into the text field identified by ``locator``.</doc>
<status status="NOT RUN" start="2025-12-24T16:49:12.950281" elapsed="0.000027"/>
</kw>
<kw name="Scroll Element Into View" owner="SeleniumLibrary">
<arg>${Operation area_button}</arg>
<doc>Scrolls the element identified by ``locator`` into view.</doc>
<status status="NOT RUN" start="2025-12-24T16:49:12.950570" elapsed="0.000030"/>
</kw>
<kw name="Click Element" owner="SeleniumLibrary">
<arg>${Operation area_button}</arg>
<doc>Click the element identified by ``locator``.</doc>
<status status="NOT RUN" start="2025-12-24T16:49:12.950725" elapsed="0.000024"/>
</kw>
<kw name="Wait Until Element Is Visible" owner="SeleniumLibrary">
<arg>xpath=//mat-radio-button[.//input[@type='radio' and @value='Y']]</arg>
<arg>30s</arg>
<doc>Waits until the element ``locator`` is visible.</doc>
<status status="NOT RUN" start="2025-12-24T16:49:12.950861" elapsed="0.000023"/>
</kw>
<kw name="Click Element" owner="SeleniumLibrary">
<arg>xpath=//mat-radio-button[.//input[@type='radio' and @value='Y']]</arg>
<doc>Click the element identified by ``locator``.</doc>
<status status="NOT RUN" start="2025-12-24T16:49:12.951009" elapsed="0.000023"/>
</kw>
<kw name="Click Element" owner="SeleniumLibrary">
<arg>xpath=//mat-dialog-container//button[normalize-space()='บันทึก']</arg>
<doc>Click the element identified by ``locator``.</doc>
<status status="NOT RUN" start="2025-12-24T16:49:12.951145" elapsed="0.000024"/>
</kw>
<kw name="Wait Until Element Is Visible" owner="SeleniumLibrary">
<arg>xpath=//button[contains(@class, 'swal2-confirm')]</arg>
<arg>10s</arg>
<doc>Waits until the element ``locator`` is visible.</doc>
<status status="NOT RUN" start="2025-12-24T16:49:12.951282" elapsed="0.000024"/>
</kw>
<kw name="Click Element" owner="SeleniumLibrary">
<arg>xpath=//button[contains(@class, 'swal2-confirm')]</arg>
<doc>Click the element identified by ``locator``.</doc>
<status status="NOT RUN" start="2025-12-24T16:49:12.951427" elapsed="0.000025"/>
</kw>
<kw name="Wait Until Element Is Visible" owner="SeleniumLibrary">
<arg>xpath=//*[contains(normalize-space(), 'ส่วนกลาง (ดำเนินการทั่วประเทศ หรือไม่สามารถระบุพื้นที่ดำเนินการได้)')]</arg>
<arg>30s</arg>
<doc>Waits until the element ``locator`` is visible.</doc>
<status status="NOT RUN" start="2025-12-24T16:49:12.951571" elapsed="0.000025"/>
</kw>
<kw name="Set Variable" owner="BuiltIn">
<var>${unit_dropdown}</var>
<arg>xpath=//label[contains(normalize-space(), 'หน่วยนับ')]/following::mat-select[1]//div[contains(@class, 'mat-mdc-select-trigger')]</arg>
<doc>Returns the given values which can then be assigned to a variables.</doc>
<status status="NOT RUN" start="2025-12-24T16:49:12.951793" elapsed="0.000031"/>
</kw>
<kw name="Wait Until Element Is Visible" owner="SeleniumLibrary">
<arg>${unit_dropdown}</arg>
<arg>30s</arg>
<doc>Waits until the element ``locator`` is visible.</doc>
<status status="NOT RUN" start="2025-12-24T16:49:12.951950" elapsed="0.000024"/>
</kw>
<kw name="Click Element" owner="SeleniumLibrary">
<arg>${unit_dropdown}</arg>
<doc>Click the element identified by ``locator``.</doc>
<status status="NOT RUN" start="2025-12-24T16:49:12.952112" elapsed="0.000024"/>
</kw>
<kw name="Input Date Successfully">
<arg>01/01/2025</arg>
<arg>30/06/2025</arg>
<doc>กรอกวันที่ให้ตรงปีงบประมาณและปิดปฏิทินให้เรียบร้อย</doc>
<status status="NOT RUN" start="2025-12-24T16:49:12.952370" elapsed="0.000039"/>
</kw>
<kw name="Wait Until Element Is Visible" owner="SeleniumLibrary">
<arg>xpath=//label[normalize-space()='ปิดใช้งาน']</arg>
<arg>10s</arg>
<doc>Waits until the element ``locator`` is visible.</doc>
<status status="NOT RUN" start="2025-12-24T16:49:12.952572" elapsed="0.000035"/>
</kw>
<kw name="Click Element" owner="SeleniumLibrary">
<arg>xpath=//label[normalize-space()='ปิดใช้งาน']</arg>
<doc>Click the element identified by ``locator``.</doc>
<status status="NOT RUN" start="2025-12-24T16:49:12.952747" elapsed="0.000026"/>
</kw>
<kw name="Wait Until Element Is Visible" owner="SeleniumLibrary">
<arg>xpath=//label[normalize-space()='เปิดใช้งาน']</arg>
<arg>10s</arg>
<doc>Waits until the element ``locator`` is visible.</doc>
<status status="NOT RUN" start="2025-12-24T16:49:12.953042" elapsed="0.000046"/>
</kw>
<kw name="Click Element" owner="SeleniumLibrary">
<arg>xpath=//button[normalize-space()='บันทึก']</arg>
<doc>Click the element identified by ``locator``.</doc>
<status status="NOT RUN" start="2025-12-24T16:49:12.953263" elapsed="0.000030"/>
</kw>
<kw name="Wait Until Page Contains" owner="SeleniumLibrary">
<arg>ตกลง</arg>
<arg>10s</arg>
<doc>Waits until ``text`` appears on the current page.</doc>
<status status="NOT RUN" start="2025-12-24T16:49:12.953563" elapsed="0.000029"/>
</kw>
<kw name="Click Button" owner="SeleniumLibrary">
<arg>ตกลง</arg>
<doc>Clicks the button identified by ``locator``.</doc>
<status status="NOT RUN" start="2025-12-24T16:49:12.953707" elapsed="0.000028"/>
</kw>
<kw name="Sleep" owner="BuiltIn">
<arg>2s</arg>
<doc>Pauses the test executed for the given time.</doc>
<status status="NOT RUN" start="2025-12-24T16:49:12.953839" elapsed="0.000021"/>
</kw>
<kw name="Close Browser" owner="SeleniumLibrary" type="TEARDOWN">
<msg time="2025-12-24T16:49:17.050120" level="WARN">Retrying (Retry(total=2, connect=None, read=None, redirect=None, status=None)) after connection broken by 'NewConnectionError('&lt;urllib3.connection.HTTPConnection object at 0x000001EEF6394DD0&gt;: Failed to establish a new connection: [WinError 10061] No connection could be made because the target machine actively refused it')': /session/6b98bffbab818c3f2ac5de06c2a8069b</msg>
<msg time="2025-12-24T16:49:21.170907" level="WARN">Retrying (Retry(total=1, connect=None, read=None, redirect=None, status=None)) after connection broken by 'NewConnectionError('&lt;urllib3.connection.HTTPConnection object at 0x000001EEF62FA690&gt;: Failed to establish a new connection: [WinError 10061] No connection could be made because the target machine actively refused it')': /session/6b98bffbab818c3f2ac5de06c2a8069b</msg>
<msg time="2025-12-24T16:49:25.301061" level="WARN">Retrying (Retry(total=0, connect=None, read=None, redirect=None, status=None)) after connection broken by 'NewConnectionError('&lt;urllib3.connection.HTTPConnection object at 0x000001EEF62FA9C0&gt;: Failed to establish a new connection: [WinError 10061] No connection could be made because the target machine actively refused it')': /session/6b98bffbab818c3f2ac5de06c2a8069b</msg>
<doc>Closes the current browser.</doc>
<status status="PASS" start="2025-12-24T16:49:12.954065" elapsed="16.482450"/>
</kw>
<doc>เพิ่มทะเบียนรายการสำเร็จ</doc>
<tag>e2e</tag>
<tag>integration</tag>
<status status="FAIL" start="2025-12-24T16:48:37.705471" elapsed="51.732273">Execution terminated by signal</status>
</test>
<status status="FAIL" start="2025-12-24T16:48:37.532304" elapsed="51.907668"/>
</suite>
<statistics>
<total>
<stat pass="0" fail="1" skip="0">All Tests</stat>
</total>
<tag>
<stat pass="0" fail="1" skip="0">e2e</stat>
<stat pass="0" fail="1" skip="0">integration</stat>
</tag>
<suite>
<stat name="Registry" id="s1" pass="0" fail="1" skip="0">Registry</stat>
</suite>
</statistics>
<errors>
<msg time="2025-12-24T16:49:00.577563" level="WARN">Retrying (Retry(total=2, connect=None, read=None, redirect=None, status=None)) after connection broken by 'NewConnectionError('&lt;urllib3.connection.HTTPConnection object at 0x000001EEF6372AD0&gt;: Failed to establish a new connection: [WinError 10061] No connection could be made because the target machine actively refused it')': /session/6b98bffbab818c3f2ac5de06c2a8069b/screenshot</msg>
<msg time="2025-12-24T16:49:04.688484" level="WARN">Retrying (Retry(total=1, connect=None, read=None, redirect=None, status=None)) after connection broken by 'NewConnectionError('&lt;urllib3.connection.HTTPConnection object at 0x000001EEF6372990&gt;: Failed to establish a new connection: [WinError 10061] No connection could be made because the target machine actively refused it')': /session/6b98bffbab818c3f2ac5de06c2a8069b/screenshot</msg>
<msg time="2025-12-24T16:49:08.828255" level="WARN">Retrying (Retry(total=0, connect=None, read=None, redirect=None, status=None)) after connection broken by 'NewConnectionError('&lt;urllib3.connection.HTTPConnection object at 0x000001EEF629B360&gt;: Failed to establish a new connection: [WinError 10061] No connection could be made because the target machine actively refused it')': /session/6b98bffbab818c3f2ac5de06c2a8069b/screenshot</msg>
<msg time="2025-12-24T16:49:12.947181" level="WARN">Keyword 'Capture Page Screenshot' could not be run on failure: HTTPConnectionPool(host='localhost', port=54562): Max retries exceeded with url: /session/6b98bffbab818c3f2ac5de06c2a8069b/screenshot (Caused by NewConnectionError('&lt;urllib3.connection.HTTPConnection object at 0x000001EEF629B5C0&gt;: Failed to establish a new connection: [WinError 10061] No connection could be made because the target machine actively refused it'))</msg>
<msg time="2025-12-24T16:49:17.050120" level="WARN">Retrying (Retry(total=2, connect=None, read=None, redirect=None, status=None)) after connection broken by 'NewConnectionError('&lt;urllib3.connection.HTTPConnection object at 0x000001EEF6394DD0&gt;: Failed to establish a new connection: [WinError 10061] No connection could be made because the target machine actively refused it')': /session/6b98bffbab818c3f2ac5de06c2a8069b</msg>
<msg time="2025-12-24T16:49:21.170907" level="WARN">Retrying (Retry(total=1, connect=None, read=None, redirect=None, status=None)) after connection broken by 'NewConnectionError('&lt;urllib3.connection.HTTPConnection object at 0x000001EEF62FA690&gt;: Failed to establish a new connection: [WinError 10061] No connection could be made because the target machine actively refused it')': /session/6b98bffbab818c3f2ac5de06c2a8069b</msg>
<msg time="2025-12-24T16:49:25.301061" level="WARN">Retrying (Retry(total=0, connect=None, read=None, redirect=None, status=None)) after connection broken by 'NewConnectionError('&lt;urllib3.connection.HTTPConnection object at 0x000001EEF62FA9C0&gt;: Failed to establish a new connection: [WinError 10061] No connection could be made because the target machine actively refused it')': /session/6b98bffbab818c3f2ac5de06c2a8069b</msg>
</errors>
</robot>
