<?xml version="1.0" encoding="UTF-8"?>
<robot generator="Robot 7.3.2 (Python 3.13.1 on win32)" generated="2025-12-16T10:02:07.488722" rpa="false" schemaversion="5">
<suite id="s1" name="Registry" source="C:\Users\krissanaruks\Web_budget_oper\Registry.robot">
<kw name="Set Screenshot Directory" owner="SeleniumLibrary" type="SETUP">
<arg>${OUTPUT DIR}${/}screenshots</arg>
<doc>Sets the directory for captured screenshots.</doc>
<status status="PASS" start="2025-12-16T10:02:07.641516" elapsed="0.000244"/>
</kw>
<test id="s1-t1" name="Go TO REGIS Success" line="13">
<kw name="Login And Navigate To App" type="SETUP">
<kw name="Open Browser To Login Page" owner="login_resource">
<kw name="Evaluate" owner="BuiltIn">
<msg time="2025-12-16T10:02:07.642920" level="INFO">${chrome_options} = &lt;selenium.webdriver.chrome.options.Options object at 0x000001BC2545E270&gt;</msg>
<var>${chrome_options}</var>
<arg>selenium.webdriver.ChromeOptions()</arg>
<arg>selenium</arg>
<doc>Evaluates the given expression in Python and returns the result.</doc>
<status status="PASS" start="2025-12-16T10:02:07.642767" elapsed="0.000175"/>
</kw>
<kw name="Call Method" owner="BuiltIn">
<arg>${chrome_options}</arg>
<arg>add_argument</arg>
<arg>--disable-notifications</arg>
<doc>Calls the named method of the given object with the provided arguments.</doc>
<status status="PASS" start="2025-12-16T10:02:07.643011" elapsed="0.000075"/>
</kw>
<kw name="Open Browser" owner="SeleniumLibrary">
<msg time="2025-12-16T10:02:07.643304" level="INFO">Opening browser 'Chrome' to base url 'https://neb.centerapp.io/center-web/login'.</msg>
<arg>${LOGIN_URL}</arg>
<arg>${BROWSER}</arg>
<arg>options=${chrome_options}</arg>
<doc>Opens a new browser instance to the optional ``url``.</doc>
<status status="PASS" start="2025-12-16T10:02:07.643152" elapsed="2.556505"/>
</kw>
<kw name="Maximize Browser Window" owner="SeleniumLibrary">
<doc>Maximizes current browser window.</doc>
<status status="PASS" start="2025-12-16T10:02:10.199829" elapsed="0.022164"/>
</kw>
<kw name="Wait Until Element Is Visible" owner="SeleniumLibrary">
<arg>${EMAIL_INPUT}</arg>
<arg>30s</arg>
<doc>Waits until the element ``locator`` is visible.</doc>
<status status="PASS" start="2025-12-16T10:02:10.222169" elapsed="0.228118"/>
</kw>
<status status="PASS" start="2025-12-16T10:02:07.642644" elapsed="2.807762"/>
</kw>
<kw name="Perform Login" owner="login_resource">
<kw name="Input Text" owner="SeleniumLibrary">
<msg time="2025-12-16T10:02:10.451100" level="INFO">Typing text 'oper-unit@neb.go.th' into text field 'xpath=//*[@id="root"]/div/main/div/div[2]/div/div[2]/div[1]/input'.</msg>
<arg>${EMAIL_INPUT}</arg>
<arg>${username}</arg>
<doc>Types the given ``text`` into the text field identified by ``locator``.</doc>
<status status="PASS" start="2025-12-16T10:02:10.450862" elapsed="0.089885"/>
</kw>
<kw name="Input Text" owner="SeleniumLibrary">
<msg time="2025-12-16T10:02:10.541074" level="INFO">Typing text 'P@ssw0rd' into text field 'xpath=//*[@id="root"]/div/main/div/div[2]/div/div[2]/div[1]/span/input'.</msg>
<arg>${PASSWORD_INPUT}</arg>
<arg>${password}</arg>
<doc>Types the given ``text`` into the text field identified by ``locator``.</doc>
<status status="PASS" start="2025-12-16T10:02:10.540880" elapsed="0.053013"/>
</kw>
<kw name="Click Element" owner="SeleniumLibrary">
<msg time="2025-12-16T10:02:10.594220" level="INFO">Clicking element 'xpath=//*[@id="root"]/div/main/div/div[2]/div/div[2]/div[3]/button'.</msg>
<arg>${LOGIN_BUTTON}</arg>
<doc>Click the element identified by ``locator``.</doc>
<status status="PASS" start="2025-12-16T10:02:10.594041" elapsed="0.040868"/>
</kw>
<arg>${OPER_EMAIL}</arg>
<arg>${VALID_PASSWORD}</arg>
<status status="PASS" start="2025-12-16T10:02:10.450584" elapsed="0.184410"/>
</kw>
<kw name="Wait Until Location Is" owner="SeleniumLibrary">
<arg>${Main_URL}</arg>
<arg>30s</arg>
<doc>Waits until the current URL is ``expected``.</doc>
<status status="PASS" start="2025-12-16T10:02:10.635094" elapsed="2.306848"/>
</kw>
<kw name="Wait Until Element Is Visible" owner="SeleniumLibrary">
<arg>xpath=//li[contains(., 'แอปพลิเคชันของฉัน')]</arg>
<arg>30s</arg>
<doc>Waits until the element ``locator`` is visible.</doc>
<status status="PASS" start="2025-12-16T10:02:12.942141" elapsed="0.036126"/>
</kw>
<kw name="Click Element" owner="SeleniumLibrary">
<msg time="2025-12-16T10:02:12.978596" level="INFO">Clicking element 'xpath=//li[contains(., 'แอปพลิเคชันของฉัน')]'.</msg>
<arg>xpath=//li[contains(., 'แอปพลิเคชันของฉัน')]</arg>
<doc>Click the element identified by ``locator``.</doc>
<status status="PASS" start="2025-12-16T10:02:12.978428" elapsed="0.091257"/>
</kw>
<kw name="Set Variable" owner="BuiltIn">
<msg time="2025-12-16T10:02:13.072337" level="INFO">${c2web_locator} = xpath=//*[contains(text(), 'C2-WEB')]</msg>
<var>${c2web_locator}</var>
<arg>xpath=//*[contains(text(), 'C2-WEB')]</arg>
<doc>Returns the given values which can then be assigned to a variables.</doc>
<status status="PASS" start="2025-12-16T10:02:13.070895" elapsed="0.001734"/>
</kw>
<kw name="Wait Until Element Is Visible" owner="SeleniumLibrary">
<arg>${c2web_locator}</arg>
<arg>30s</arg>
<doc>Waits until the element ``locator`` is visible.</doc>
<status status="PASS" start="2025-12-16T10:02:13.073714" elapsed="0.311762"/>
</kw>
<kw name="Click Element" owner="SeleniumLibrary">
<msg time="2025-12-16T10:02:13.385790" level="INFO">Clicking element 'xpath=//*[contains(text(), 'C2-WEB')]'.</msg>
<arg>${c2web_locator}</arg>
<doc>Click the element identified by ``locator``.</doc>
<status status="PASS" start="2025-12-16T10:02:13.385617" elapsed="0.055240"/>
</kw>
<kw name="Wait Until Element Is Not Visible" owner="SeleniumLibrary">
<arg>${c2web_locator}</arg>
<arg>30s</arg>
<doc>Waits until the element ``locator`` is not visible.</doc>
<status status="PASS" start="2025-12-16T10:02:13.441019" elapsed="0.005021"/>
</kw>
<kw name="Wait Until Element Is Visible" owner="SeleniumLibrary">
<arg>id=iframemicroapp</arg>
<arg>30s</arg>
<doc>Waits until the element ``locator`` is visible.</doc>
<status status="PASS" start="2025-12-16T10:02:13.446181" elapsed="2.787850"/>
</kw>
<kw name="Select Frame" owner="SeleniumLibrary">
<msg time="2025-12-16T10:02:16.234315" level="INFO">Selecting frame 'id=iframemicroapp'.</msg>
<arg>id=iframemicroapp</arg>
<doc>Sets frame identified by ``locator`` as the current frame.</doc>
<status status="PASS" start="2025-12-16T10:02:16.234172" elapsed="0.033054"/>
</kw>
<kw name="Sleep" owner="BuiltIn">
<msg time="2025-12-16T10:02:21.267629" level="INFO">Slept 5 seconds.</msg>
<arg>5s</arg>
<doc>Pauses the test executed for the given time.</doc>
<status status="PASS" start="2025-12-16T10:02:16.267381" elapsed="5.000343"/>
</kw>
<kw name="Wait Until Element Is Visible" owner="SeleniumLibrary">
<arg>xpath=//span[normalize-space()='หน่วยปฏิบัติ']</arg>
<arg>30s</arg>
<doc>Waits until the element ``locator`` is visible.</doc>
<status status="PASS" start="2025-12-16T10:02:21.267856" elapsed="0.015436"/>
</kw>
<status status="PASS" start="2025-12-16T10:02:07.642468" elapsed="13.640906"/>
</kw>
<kw name="Go TO REGISTRATION">
<kw name="Click Element" owner="SeleniumLibrary">
<msg time="2025-12-16T10:02:21.283920" level="INFO">Clicking element 'xpath=//span[normalize-space()='หน่วยปฏิบัติ']'.</msg>
<arg>xpath=//span[normalize-space()='หน่วยปฏิบัติ']</arg>
<doc>Click the element identified by ``locator``.</doc>
<status status="PASS" start="2025-12-16T10:02:21.283803" elapsed="0.131460"/>
</kw>
<kw name="Wait Until Keyword Succeeds" owner="BuiltIn">
<kw name="Wait Until Element Is Visible" owner="SeleniumLibrary">
<arg>xpath=//div[contains(text(), 'จัดทำคำของบประมาณ (2.3)')]</arg>
<arg>30s</arg>
<doc>Waits until the element ``locator`` is visible.</doc>
<status status="PASS" start="2025-12-16T10:02:21.415591" elapsed="0.030573"/>
</kw>
<arg>5x</arg>
<arg>1s</arg>
<arg>Wait Until Element Is Visible</arg>
<arg>xpath=//div[contains(text(), 'จัดทำคำของบประมาณ (2.3)')]</arg>
<arg>30s</arg>
<doc>Runs the specified keyword and retries if it fails.</doc>
<status status="PASS" start="2025-12-16T10:02:21.415419" elapsed="0.030961"/>
</kw>
<kw name="Click Element" owner="SeleniumLibrary">
<msg time="2025-12-16T10:02:21.446672" level="INFO">Clicking element 'xpath=//div[contains(text(), 'จัดทำคำของบประมาณ (2.3)')]'.</msg>
<arg>xpath=//div[contains(text(), 'จัดทำคำของบประมาณ (2.3)')]</arg>
<doc>Click the element identified by ``locator``.</doc>
<status status="PASS" start="2025-12-16T10:02:21.446509" elapsed="0.059613"/>
</kw>
<kw name="Wait Until Element Is Visible" owner="SeleniumLibrary">
<arg>xpath=//div[contains(text(), 'ทะเบียนรายการหน่วยปฏิบัติ')]</arg>
<arg>30s</arg>
<doc>Waits until the element ``locator`` is visible.</doc>
<status status="PASS" start="2025-12-16T10:02:21.506347" elapsed="0.039227"/>
</kw>
<kw name="Click Element" owner="SeleniumLibrary">
<msg time="2025-12-16T10:02:21.548124" level="INFO">Clicking element 'xpath=//div[contains(text(), 'ทะเบียนรายการหน่วยปฏิบัติ')]'.</msg>
<arg>xpath=//div[contains(text(), 'ทะเบียนรายการหน่วยปฏิบัติ')]</arg>
<doc>Click the element identified by ``locator``.</doc>
<status status="PASS" start="2025-12-16T10:02:21.546790" elapsed="0.143029"/>
</kw>
<kw name="Wait Until Element Is Visible" owner="SeleniumLibrary">
<arg>xpath=//div[contains(text(), 'รายการข้อมูล')]</arg>
<arg>30s</arg>
<doc>Waits until the element ``locator`` is visible.</doc>
<status status="PASS" start="2025-12-16T10:02:21.689972" elapsed="0.053668"/>
</kw>
<kw name="Element Should Contain" owner="SeleniumLibrary">
<msg time="2025-12-16T10:02:21.790797" level="INFO">Element 'xpath=//div[contains(text(), 'รายการข้อมูล')]' contains text 'รายการข้อมูล'.</msg>
<arg>xpath=//div[contains(text(), 'รายการข้อมูล')]</arg>
<arg>รายการข้อมูล</arg>
<doc>Verifies that element ``locator`` contains text ``expected``.</doc>
<status status="PASS" start="2025-12-16T10:02:21.744869" elapsed="0.046818"/>
</kw>
<status status="PASS" start="2025-12-16T10:02:21.283627" elapsed="0.508212"/>
</kw>
<doc>การเข้าสู่หน้าทะเบียนรายการ</doc>
<tag>smoke</tag>
<status status="PASS" start="2025-12-16T10:02:07.641861" elapsed="14.150184"/>
</test>
<test id="s1-t2" name="Add REGIS Success" line="18">
<kw name="Login And Navigate To App" type="SETUP">
<kw name="Open Browser To Login Page" owner="login_resource">
<kw name="Evaluate" owner="BuiltIn">
<msg time="2025-12-16T10:02:21.793624" level="INFO">${chrome_options} = &lt;selenium.webdriver.chrome.options.Options object at 0x000001BC254E25D0&gt;</msg>
<var>${chrome_options}</var>
<arg>selenium.webdriver.ChromeOptions()</arg>
<arg>selenium</arg>
<doc>Evaluates the given expression in Python and returns the result.</doc>
<status status="PASS" start="2025-12-16T10:02:21.793378" elapsed="0.000267"/>
</kw>
<kw name="Call Method" owner="BuiltIn">
<arg>${chrome_options}</arg>
<arg>add_argument</arg>
<arg>--disable-notifications</arg>
<doc>Calls the named method of the given object with the provided arguments.</doc>
<status status="PASS" start="2025-12-16T10:02:21.793728" elapsed="0.000089"/>
</kw>
<kw name="Open Browser" owner="SeleniumLibrary">
<msg time="2025-12-16T10:02:21.794055" level="INFO">Opening browser 'Chrome' to base url 'https://neb.centerapp.io/center-web/login'.</msg>
<arg>${LOGIN_URL}</arg>
<arg>${BROWSER}</arg>
<arg>options=${chrome_options}</arg>
<doc>Opens a new browser instance to the optional ``url``.</doc>
<status status="PASS" start="2025-12-16T10:02:21.793897" elapsed="2.454364"/>
</kw>
<kw name="Maximize Browser Window" owner="SeleniumLibrary">
<doc>Maximizes current browser window.</doc>
<status status="PASS" start="2025-12-16T10:02:24.248420" elapsed="0.032685"/>
</kw>
<kw name="Wait Until Element Is Visible" owner="SeleniumLibrary">
<arg>${EMAIL_INPUT}</arg>
<arg>30s</arg>
<doc>Waits until the element ``locator`` is visible.</doc>
<status status="PASS" start="2025-12-16T10:02:24.281275" elapsed="0.222548"/>
</kw>
<status status="PASS" start="2025-12-16T10:02:21.793229" elapsed="2.710697"/>
</kw>
<kw name="Perform Login" owner="login_resource">
<kw name="Input Text" owner="SeleniumLibrary">
<msg time="2025-12-16T10:02:24.504681" level="INFO">Typing text 'oper-unit@neb.go.th' into text field 'xpath=//*[@id="root"]/div/main/div/div[2]/div/div[2]/div[1]/input'.</msg>
<arg>${EMAIL_INPUT}</arg>
<arg>${username}</arg>
<doc>Types the given ``text`` into the text field identified by ``locator``.</doc>
<status status="PASS" start="2025-12-16T10:02:24.504370" elapsed="0.099598"/>
</kw>
<kw name="Input Text" owner="SeleniumLibrary">
<msg time="2025-12-16T10:02:24.604283" level="INFO">Typing text 'P@ssw0rd' into text field 'xpath=//*[@id="root"]/div/main/div/div[2]/div/div[2]/div[1]/span/input'.</msg>
<arg>${PASSWORD_INPUT}</arg>
<arg>${password}</arg>
<doc>Types the given ``text`` into the text field identified by ``locator``.</doc>
<status status="PASS" start="2025-12-16T10:02:24.604104" elapsed="0.048833"/>
</kw>
<kw name="Click Element" owner="SeleniumLibrary">
<msg time="2025-12-16T10:02:24.653238" level="INFO">Clicking element 'xpath=//*[@id="root"]/div/main/div/div[2]/div/div[2]/div[3]/button'.</msg>
<arg>${LOGIN_BUTTON}</arg>
<doc>Click the element identified by ``locator``.</doc>
<status status="PASS" start="2025-12-16T10:02:24.653076" elapsed="0.040452"/>
</kw>
<arg>${OPER_EMAIL}</arg>
<arg>${VALID_PASSWORD}</arg>
<status status="PASS" start="2025-12-16T10:02:24.504094" elapsed="0.189518"/>
</kw>
<kw name="Wait Until Location Is" owner="SeleniumLibrary">
<arg>${Main_URL}</arg>
<arg>30s</arg>
<doc>Waits until the current URL is ``expected``.</doc>
<status status="PASS" start="2025-12-16T10:02:24.693711" elapsed="2.068557"/>
</kw>
<kw name="Wait Until Element Is Visible" owner="SeleniumLibrary">
<arg>xpath=//li[contains(., 'แอปพลิเคชันของฉัน')]</arg>
<arg>30s</arg>
<doc>Waits until the element ``locator`` is visible.</doc>
<status status="PASS" start="2025-12-16T10:02:26.762511" elapsed="0.078597"/>
</kw>
<kw name="Click Element" owner="SeleniumLibrary">
<msg time="2025-12-16T10:02:26.841574" level="INFO">Clicking element 'xpath=//li[contains(., 'แอปพลิเคชันของฉัน')]'.</msg>
<arg>xpath=//li[contains(., 'แอปพลิเคชันของฉัน')]</arg>
<doc>Click the element identified by ``locator``.</doc>
<status status="PASS" start="2025-12-16T10:02:26.841329" elapsed="0.072542"/>
</kw>
<kw name="Set Variable" owner="BuiltIn">
<msg time="2025-12-16T10:02:26.914304" level="INFO">${c2web_locator} = xpath=//*[contains(text(), 'C2-WEB')]</msg>
<var>${c2web_locator}</var>
<arg>xpath=//*[contains(text(), 'C2-WEB')]</arg>
<doc>Returns the given values which can then be assigned to a variables.</doc>
<status status="PASS" start="2025-12-16T10:02:26.914109" elapsed="0.000218"/>
</kw>
<kw name="Wait Until Element Is Visible" owner="SeleniumLibrary">
<arg>${c2web_locator}</arg>
<arg>30s</arg>
<doc>Waits until the element ``locator`` is visible.</doc>
<status status="PASS" start="2025-12-16T10:02:26.914433" elapsed="0.432187"/>
</kw>
<kw name="Click Element" owner="SeleniumLibrary">
<msg time="2025-12-16T10:02:27.346933" level="INFO">Clicking element 'xpath=//*[contains(text(), 'C2-WEB')]'.</msg>
<arg>${c2web_locator}</arg>
<doc>Click the element identified by ``locator``.</doc>
<status status="PASS" start="2025-12-16T10:02:27.346751" elapsed="0.069987"/>
</kw>
<kw name="Wait Until Element Is Not Visible" owner="SeleniumLibrary">
<arg>${c2web_locator}</arg>
<arg>30s</arg>
<doc>Waits until the element ``locator`` is not visible.</doc>
<status status="PASS" start="2025-12-16T10:02:27.416896" elapsed="0.016848"/>
</kw>
<kw name="Wait Until Element Is Visible" owner="SeleniumLibrary">
<arg>id=iframemicroapp</arg>
<arg>30s</arg>
<doc>Waits until the element ``locator`` is visible.</doc>
<status status="PASS" start="2025-12-16T10:02:27.433888" elapsed="3.095092"/>
</kw>
<kw name="Select Frame" owner="SeleniumLibrary">
<msg time="2025-12-16T10:02:30.529292" level="INFO">Selecting frame 'id=iframemicroapp'.</msg>
<arg>id=iframemicroapp</arg>
<doc>Sets frame identified by ``locator`` as the current frame.</doc>
<status status="PASS" start="2025-12-16T10:02:30.529130" elapsed="0.040363"/>
</kw>
<kw name="Sleep" owner="BuiltIn">
<msg time="2025-12-16T10:02:35.571896" level="INFO">Slept 5 seconds.</msg>
<arg>5s</arg>
<doc>Pauses the test executed for the given time.</doc>
<status status="PASS" start="2025-12-16T10:02:30.570594" elapsed="5.001402"/>
</kw>
<kw name="Wait Until Element Is Visible" owner="SeleniumLibrary">
<arg>xpath=//span[normalize-space()='หน่วยปฏิบัติ']</arg>
<arg>30s</arg>
<doc>Waits until the element ``locator`` is visible.</doc>
<status status="PASS" start="2025-12-16T10:02:35.572142" elapsed="0.013919"/>
</kw>
<status status="PASS" start="2025-12-16T10:02:21.793010" elapsed="13.793141"/>
</kw>
<kw name="Go TO REGISTRATION">
<kw name="Click Element" owner="SeleniumLibrary">
<msg time="2025-12-16T10:02:35.586681" level="INFO">Clicking element 'xpath=//span[normalize-space()='หน่วยปฏิบัติ']'.</msg>
<arg>xpath=//span[normalize-space()='หน่วยปฏิบัติ']</arg>
<doc>Click the element identified by ``locator``.</doc>
<status status="PASS" start="2025-12-16T10:02:35.586562" elapsed="0.124262"/>
</kw>
<kw name="Wait Until Keyword Succeeds" owner="BuiltIn">
<kw name="Wait Until Element Is Visible" owner="SeleniumLibrary">
<arg>xpath=//div[contains(text(), 'จัดทำคำของบประมาณ (2.3)')]</arg>
<arg>30s</arg>
<doc>Waits until the element ``locator`` is visible.</doc>
<status status="PASS" start="2025-12-16T10:02:35.713691" elapsed="0.051812"/>
</kw>
<arg>5x</arg>
<arg>1s</arg>
<arg>Wait Until Element Is Visible</arg>
<arg>xpath=//div[contains(text(), 'จัดทำคำของบประมาณ (2.3)')]</arg>
<arg>30s</arg>
<doc>Runs the specified keyword and retries if it fails.</doc>
<status status="PASS" start="2025-12-16T10:02:35.712104" elapsed="0.054187"/>
</kw>
<kw name="Click Element" owner="SeleniumLibrary">
<msg time="2025-12-16T10:02:35.768679" level="INFO">Clicking element 'xpath=//div[contains(text(), 'จัดทำคำของบประมาณ (2.3)')]'.</msg>
<arg>xpath=//div[contains(text(), 'จัดทำคำของบประมาณ (2.3)')]</arg>
<doc>Click the element identified by ``locator``.</doc>
<status status="PASS" start="2025-12-16T10:02:35.767413" elapsed="0.135872"/>
</kw>
<kw name="Wait Until Element Is Visible" owner="SeleniumLibrary">
<arg>xpath=//div[contains(text(), 'ทะเบียนรายการหน่วยปฏิบัติ')]</arg>
<arg>30s</arg>
<doc>Waits until the element ``locator`` is visible.</doc>
<status status="PASS" start="2025-12-16T10:02:35.903421" elapsed="0.021730"/>
</kw>
<kw name="Click Element" owner="SeleniumLibrary">
<msg time="2025-12-16T10:02:35.925423" level="INFO">Clicking element 'xpath=//div[contains(text(), 'ทะเบียนรายการหน่วยปฏิบัติ')]'.</msg>
<arg>xpath=//div[contains(text(), 'ทะเบียนรายการหน่วยปฏิบัติ')]</arg>
<doc>Click the element identified by ``locator``.</doc>
<status status="PASS" start="2025-12-16T10:02:35.925282" elapsed="0.129532"/>
</kw>
<kw name="Wait Until Element Is Visible" owner="SeleniumLibrary">
<arg>xpath=//div[contains(text(), 'รายการข้อมูล')]</arg>
<arg>30s</arg>
<doc>Waits until the element ``locator`` is visible.</doc>
<status status="PASS" start="2025-12-16T10:02:36.054979" elapsed="0.013272"/>
</kw>
<kw name="Element Should Contain" owner="SeleniumLibrary">
<msg time="2025-12-16T10:02:36.088506" level="INFO">Element 'xpath=//div[contains(text(), 'รายการข้อมูล')]' contains text 'รายการข้อมูล'.</msg>
<arg>xpath=//div[contains(text(), 'รายการข้อมูล')]</arg>
<arg>รายการข้อมูล</arg>
<doc>Verifies that element ``locator`` contains text ``expected``.</doc>
<status status="PASS" start="2025-12-16T10:02:36.068401" elapsed="0.020199"/>
</kw>
<status status="PASS" start="2025-12-16T10:02:35.586373" elapsed="0.502315"/>
</kw>
<kw name="Wait Until Element Is Visible" owner="SeleniumLibrary">
<arg>xpath=//button[normalize-space()='เพิ่มรายการ']</arg>
<arg>30s</arg>
<doc>Waits until the element ``locator`` is visible.</doc>
<status status="PASS" start="2025-12-16T10:02:36.089180" elapsed="0.058093"/>
</kw>
<kw name="Click Element" owner="SeleniumLibrary">
<msg time="2025-12-16T10:02:36.148338" level="INFO">Clicking element 'xpath=//button[normalize-space()='เพิ่มรายการ']'.</msg>
<arg>xpath=//button[normalize-space()='เพิ่มรายการ']</arg>
<doc>Click the element identified by ``locator``.</doc>
<status status="PASS" start="2025-12-16T10:02:36.148143" elapsed="0.357524"/>
</kw>
<kw name="Wait Until Element Is Visible" owner="SeleniumLibrary">
<arg>xpath=//button[normalize-space()='เลือกรายการกลาง']</arg>
<arg>30s</arg>
<doc>Waits until the element ``locator`` is visible.</doc>
<status status="PASS" start="2025-12-16T10:02:36.506162" elapsed="0.012078"/>
</kw>
<kw name="Click Element" owner="SeleniumLibrary">
<msg time="2025-12-16T10:02:36.518681" level="INFO">Clicking element 'xpath=//button[normalize-space()='เลือกรายการกลาง']'.</msg>
<arg>xpath=//button[normalize-space()='เลือกรายการกลาง']</arg>
<doc>Click the element identified by ``locator``.</doc>
<status status="PASS" start="2025-12-16T10:02:36.518513" elapsed="0.334700"/>
</kw>
<kw name="Wait Until Element Is Visible" owner="SeleniumLibrary">
<arg>xpath=//input[@type='radio' and @value='1']/following-sibling::div[contains(@class, 'mdc-radio__background')]</arg>
<arg>30s</arg>
<doc>Waits until the element ``locator`` is visible.</doc>
<status status="PASS" start="2025-12-16T10:02:36.853519" elapsed="0.404118"/>
</kw>
<kw name="Click Element" owner="SeleniumLibrary">
<msg time="2025-12-16T10:02:37.261027" level="INFO">Clicking element 'xpath=//mat-radio-button[.//input[@type='radio' and @value='1']]'.</msg>
<arg>xpath=//mat-radio-button[.//input[@type='radio' and @value='1']]</arg>
<doc>Click the element identified by ``locator``.</doc>
<status status="PASS" start="2025-12-16T10:02:37.259575" elapsed="0.197440"/>
</kw>
<kw name="Sleep" owner="BuiltIn">
<msg time="2025-12-16T10:02:38.458390" level="INFO">Slept 1 second.</msg>
<arg>1s</arg>
<doc>Pauses the test executed for the given time.</doc>
<status status="PASS" start="2025-12-16T10:02:37.457317" elapsed="1.001753"/>
</kw>
<kw name="Select Option By Label">
<kw name="Set Variable" owner="BuiltIn">
<msg time="2025-12-16T10:02:38.461353" level="INFO">${trigger_xpath} = xpath=(//*[contains(text(), 'กลุ่มรายการ')]/following::mat-select)[1]//div[contains(@class, 'mat-mdc-select-trigger')]</msg>
<var>${trigger_xpath}</var>
<arg>xpath=(//*[contains(text(), '${LABEL_NAME}')]/following::mat-select)[1]//div[contains(@class, 'mat-mdc-select-trigger')]</arg>
<doc>Returns the given values which can then be assigned to a variables.</doc>
<status status="PASS" start="2025-12-16T10:02:38.461216" elapsed="0.000159"/>
</kw>
<kw name="Wait Until Element Is Visible" owner="SeleniumLibrary">
<arg>${trigger_xpath}</arg>
<arg>30s</arg>
<doc>Waits until the element ``locator`` is visible.</doc>
<status status="PASS" start="2025-12-16T10:02:38.461453" elapsed="0.028931"/>
</kw>
<kw name="Sleep" owner="BuiltIn">
<msg time="2025-12-16T10:02:39.492871" level="INFO">Slept 1 second.</msg>
<arg>1s</arg>
<doc>Pauses the test executed for the given time.</doc>
<status status="PASS" start="2025-12-16T10:02:38.491907" elapsed="1.001067"/>
</kw>
<kw name="Get WebElement" owner="SeleniumLibrary">
<msg time="2025-12-16T10:02:39.506642" level="INFO">${element} = &lt;selenium.webdriver.remote.webelement.WebElement (session="44d4768bf28d2d65ce78cf4d513f1299", element="f.F8C85755691D7B86CEAE801B1644D756.d.48273D8CE828472A744F7E7D825C5795.e.115")&gt;</msg>
<var>${element}</var>
<arg>${trigger_xpath}</arg>
<doc>Returns the first WebElement matching the given ``locator``.</doc>
<status status="PASS" start="2025-12-16T10:02:39.493099" elapsed="0.013587"/>
</kw>
<kw name="Execute Javascript" owner="SeleniumLibrary">
<msg time="2025-12-16T10:02:39.507221" level="INFO">Executing JavaScript:
arguments[0].click();
By using argument:
'&lt;selenium.webdriver.remote.webelement.WebElement (session="44d4768bf28d2d65ce78cf4d513f1299", element="f.F8C85755691D7B86CEAE801B1644D756.d.48273D8CE828472A744F7E7D825C5795.e.115")&gt;'</msg>
<arg>arguments[0].click();</arg>
<arg>ARGUMENTS</arg>
<arg>${element}</arg>
<doc>Executes the given JavaScript code with possible arguments.</doc>
<status status="PASS" start="2025-12-16T10:02:39.506828" elapsed="0.010042"/>
</kw>
<kw name="Wait Until Element Is Visible" owner="SeleniumLibrary">
<arg>xpath=//span[normalize-space()='${OPTION_TEXT}']</arg>
<arg>10s</arg>
<doc>Waits until the element ``locator`` is visible.</doc>
<status status="PASS" start="2025-12-16T10:02:39.517005" elapsed="1.549131"/>
</kw>
<kw name="Click Element" owner="SeleniumLibrary">
<msg time="2025-12-16T10:02:41.068907" level="INFO">Clicking element 'xpath=//span[normalize-space()='ราคามาตรฐานครุภัณฑ์ (สงป.)']'.</msg>
<arg>xpath=//span[normalize-space()='${OPTION_TEXT}']</arg>
<doc>Click the element identified by ``locator``.</doc>
<status status="PASS" start="2025-12-16T10:02:41.067239" elapsed="0.117072"/>
</kw>
<kw name="Wait Until Element Is Not Visible" owner="SeleniumLibrary">
<msg time="2025-12-16T10:02:46.374752" level="INFO" html="true">&lt;/td&gt;&lt;/tr&gt;&lt;tr&gt;&lt;td colspan="3"&gt;&lt;a href="screenshots/selenium-screenshot-50.png"&gt;&lt;img src="screenshots/selenium-screenshot-50.png" width="800px"&gt;&lt;/a&gt;</msg>
<msg time="2025-12-16T10:02:46.374894" level="FAIL">Element 'xpath=//span[normalize-space()='ราคามาตรฐานครุภัณฑ์ (สงป.)']' still visible after 5 seconds.</msg>
<arg>xpath=//span[normalize-space()='${OPTION_TEXT}']</arg>
<arg>5s</arg>
<doc>Waits until the element ``locator`` is not visible.</doc>
<status status="FAIL" start="2025-12-16T10:02:41.184449" elapsed="5.195441">Element 'xpath=//span[normalize-space()='ราคามาตรฐานครุภัณฑ์ (สงป.)']' still visible after 5 seconds.</status>
</kw>
<arg>กลุ่มรายการ</arg>
<arg>ราคามาตรฐานครุภัณฑ์ (สงป.)</arg>
<doc>เลือก Dropdown โดยอ้างอิงจากชื่อหัวข้อ (Label) และกดที่ Trigger ตัวจริง</doc>
<status status="FAIL" start="2025-12-16T10:02:38.460982" elapsed="7.919200">Element 'xpath=//span[normalize-space()='ราคามาตรฐานครุภัณฑ์ (สงป.)']' still visible after 5 seconds.</status>
</kw>
<doc>เพิ่มทะเบียนรายการสำเร็จ</doc>
<tag>regression</tag>
<status status="FAIL" start="2025-12-16T10:02:21.792495" elapsed="24.588089">Element 'xpath=//span[normalize-space()='ราคามาตรฐานครุภัณฑ์ (สงป.)']' still visible after 5 seconds.</status>
</test>
<status status="FAIL" start="2025-12-16T10:02:07.489811" elapsed="38.891217"/>
</suite>
<statistics>
<total>
<stat pass="1" fail="1" skip="0">All Tests</stat>
</total>
<tag>
<stat pass="0" fail="1" skip="0">regression</stat>
<stat pass="1" fail="0" skip="0">smoke</stat>
</tag>
<suite>
<stat name="Registry" id="s1" pass="1" fail="1" skip="0">Registry</stat>
</suite>
</statistics>
<errors>
</errors>
</robot>
